Information: Propagating switching activity (low effort zero delay simulation). (PWR-6)
Warning: Design has unannotated primary inputs. (PWR-414)
Warning: Design has unannotated sequential cell outputs. (PWR-415)
 
****************************************
Report : power
        -hier
        -analysis_effort low
Design : dfe3Main
Version: G-2012.06-SP3
Date   : Tue Apr 25 20:31:07 2017
****************************************


Library(s) Used:

    saed32hvt_tt1p05v25c (File: /home/ff/cs250/stdcells/synopsys-32nm/multi_vt/db/cells_hvt.db)
    saed32lvt_tt1p05v25c (File: /home/ff/cs250/stdcells/synopsys-32nm/multi_vt/db/cells_lvt.db)
    saed32rvt_tt1p05v25c (File: /home/ff/cs250/stdcells/synopsys-32nm/multi_vt/db/cells_rvt.db)


Operating Conditions: tt1p05v25c   Library: saed32hvt_tt1p05v25c
Wire Load Model Mode: Inactive.


Global Operating Voltage = 1.05 
Power-specific unit information :
    Voltage Units = 1V
    Capacitance Units = 1.000000ff
    Time Units = 1ns
    Dynamic Power Units = 1uW    (derived from V,C,T units)
    Leakage Power Units = 1pW


--------------------------------------------------------------------------------
                                       Switch   Int      Leak     Total
Hierarchy                              Power    Power    Power    Power    %
--------------------------------------------------------------------------------
dfe3Main                               9.90e+03 3.66e+05 2.70e+11 6.46e+05 100.0
  ctrl (ctrl)                           244.546  186.156 2.74e+08  704.347   0.1
  dpathtotal (dpathtotal)              9.50e+03 3.66e+05 2.69e+11 6.44e+05  99.7
    fir_feedback (fir_feedback)        3.85e+03 2.01e+05 2.44e+11 4.49e+05  69.4
    decision_device (decision_device)     0.000 2.19e-02 5.63e+07   56.336   0.0
    correlator (correlator)            5.01e+03 1.65e+05 2.41e+10 1.94e+05  30.0
1
