 
****************************************
Report : cell
Design : dfe3Main
Version: G-2012.06-SP3
Date   : Sun Apr 30 20:46:43 2017
****************************************

Attributes:
    b - black box (unknown)
    h - hierarchical
    n - noncombinational
    r - removable
   so - sizing only
    u - contains unmapped logic

Cell                      Reference       Library             Area  Attributes
--------------------------------------------------------------------------------
U1                        NBUFFX2_LVT     saed32lvt_tt1p05v25c 2.033152 so
U2                        NBUFFX8_RVT     saed32rvt_tt1p05v25c 3.812160 so
U3                        NBUFFX8_HVT     saed32hvt_tt1p05v25c 3.812160 so
U4                        NBUFFX8_HVT     saed32hvt_tt1p05v25c 3.812160 so
U5                        NBUFFX4_RVT     saed32rvt_tt1p05v25c 2.541440 so
U6                        NBUFFX8_RVT     saed32rvt_tt1p05v25c 3.812160 so
U7                        NBUFFX8_HVT     saed32hvt_tt1p05v25c 3.812160 so
U8                        NBUFFX8_RVT     saed32rvt_tt1p05v25c 3.812160 so
U9                        NBUFFX8_HVT     saed32hvt_tt1p05v25c 3.812160 so
U10                       NBUFFX4_HVT     saed32hvt_tt1p05v25c 2.541440 so
U11                       NBUFFX8_RVT     saed32rvt_tt1p05v25c 3.812160 so
U12                       NBUFFX8_RVT     saed32rvt_tt1p05v25c 3.812160 so
U13                       NBUFFX8_RVT     saed32rvt_tt1p05v25c 3.812160 so
U14                       NBUFFX8_HVT     saed32hvt_tt1p05v25c 3.812160 so
U15                       NBUFFX8_HVT     saed32hvt_tt1p05v25c 3.812160 so
U16                       NBUFFX8_RVT     saed32rvt_tt1p05v25c 3.812160 so
U17                       NBUFFX8_RVT     saed32rvt_tt1p05v25c 3.812160 so
U18                       NBUFFX4_HVT     saed32hvt_tt1p05v25c 2.541440 so
U19                       NBUFFX2_HVT     saed32hvt_tt1p05v25c 2.033152 so
U20                       NBUFFX8_RVT     saed32rvt_tt1p05v25c 3.812160 so
U21                       NBUFFX8_HVT     saed32hvt_tt1p05v25c 3.812160 so
U22                       NBUFFX8_HVT     saed32hvt_tt1p05v25c 3.812160 so
U23                       NBUFFX8_HVT     saed32hvt_tt1p05v25c 3.812160 so
U24                       NBUFFX4_RVT     saed32rvt_tt1p05v25c 2.541440 so
U25                       NBUFFX8_RVT     saed32rvt_tt1p05v25c 3.812160 so
U26                       NBUFFX8_RVT     saed32rvt_tt1p05v25c 3.812160 so
U27                       NBUFFX8_HVT     saed32hvt_tt1p05v25c 3.812160 so
U28                       NBUFFX8_RVT     saed32rvt_tt1p05v25c 3.812160 so
U29                       NBUFFX8_HVT     saed32hvt_tt1p05v25c 3.812160 so
U30                       NBUFFX8_RVT     saed32rvt_tt1p05v25c 3.812160 so
U31                       NBUFFX4_HVT     saed32hvt_tt1p05v25c 2.541440 so
U32                       NBUFFX8_HVT     saed32hvt_tt1p05v25c 3.812160 so
U33                       NBUFFX8_HVT     saed32hvt_tt1p05v25c 3.812160 so
U34                       NBUFFX8_HVT     saed32hvt_tt1p05v25c 3.812160 so
U35                       NBUFFX4_HVT     saed32hvt_tt1p05v25c 2.541440 so
U37                       NBUFFX2_HVT     saed32hvt_tt1p05v25c 2.033152
U38                       NBUFFX2_HVT     saed32hvt_tt1p05v25c 2.033152
U39                       NBUFFX8_HVT     saed32hvt_tt1p05v25c 3.812160
U40                       NBUFFX8_HVT     saed32hvt_tt1p05v25c 3.812160
U41                       NBUFFX8_RVT     saed32rvt_tt1p05v25c 3.812160
U42                       NBUFFX8_RVT     saed32rvt_tt1p05v25c 3.812160
U43                       NBUFFX8_HVT     saed32hvt_tt1p05v25c 3.812160
U44                       NBUFFX8_HVT     saed32hvt_tt1p05v25c 3.812160
U45                       NBUFFX4_HVT     saed32hvt_tt1p05v25c 2.541440
U46                       NBUFFX8_RVT     saed32rvt_tt1p05v25c 3.812160
U47                       NBUFFX2_HVT     saed32hvt_tt1p05v25c 2.033152
U48                       IBUFFX32_LVT    saed32lvt_tt1p05v25c 11.690624
U49                       INVX8_HVT       saed32hvt_tt1p05v25c 3.049728
U50                       NBUFFX2_HVT     saed32hvt_tt1p05v25c 2.033152
U51                       NBUFFX8_HVT     saed32hvt_tt1p05v25c 3.812160
ctrl                      ctrl                            371.304392 b, h, n
dpathtotal                dpathtotal                      337699.695785 b, h, n
--------------------------------------------------------------------------------
Total 52 cells                                            338249.155122
1
