Information: Propagating switching activity (low effort zero delay simulation). (PWR-6)
Warning: Design has unannotated primary inputs. (PWR-414)
Warning: Design has unannotated sequential cell outputs. (PWR-415)
 
****************************************
Report : power
        -hier
        -analysis_effort low
Design : dfe3Main
Version: G-2012.06-SP3
Date   : Sun Apr 30 20:46:40 2017
****************************************


Library(s) Used:

    saed32hvt_tt1p05v25c (File: /home/ff/cs250/stdcells/synopsys-32nm/multi_vt/db/cells_hvt.db)
    saed32rvt_tt1p05v25c (File: /home/ff/cs250/stdcells/synopsys-32nm/multi_vt/db/cells_rvt.db)
    saed32lvt_tt1p05v25c (File: /home/ff/cs250/stdcells/synopsys-32nm/multi_vt/db/cells_lvt.db)


Operating Conditions: tt1p05v25c   Library: saed32hvt_tt1p05v25c
Wire Load Model Mode: Inactive.


Global Operating Voltage = 1.05 
Power-specific unit information :
    Voltage Units = 1V
    Capacitance Units = 1.000000ff
    Time Units = 1ns
    Dynamic Power Units = 1uW    (derived from V,C,T units)
    Leakage Power Units = 1pW


--------------------------------------------------------------------------------
                                       Switch   Int      Leak     Total
Hierarchy                              Power    Power    Power    Power    %
--------------------------------------------------------------------------------
dfe3Main                               2.15e+03 9.11e+04 2.83e+10 1.21e+05 100.0
  ctrl (ctrl)                             7.183   42.981 7.19e+07  122.087   0.1
  dpathtotal (dpathtotal)              2.13e+03 9.10e+04 2.81e+10 1.21e+05  99.8
    firFeedbackNoMulti (firFeedbackNoMulti)  151.059 5.40e+03 9.49e+09 1.50e+04  12.4
      SimpMulti_2 (SimpMulti_3)        5.63e-02    0.113 1.08e+09 1.08e+03   0.9
      SimpMulti_1 (SimpMulti_4)        5.48e-02    0.134 1.35e+09 1.35e+03   1.1
      SimpMulti (SimpMulti_5)          5.55e-02    0.118 1.52e+09 1.52e+03   1.3
    decision_device (decision_device)     0.000    0.000 1.25e+07   12.538   0.0
    correlator (correlator)            1.93e+03 8.56e+04 1.81e+10 1.06e+05  86.9
1
