 
****************************************
Report : cell
Design : dfe3Main
Version: G-2012.06-SP3
Date   : Sun Apr 30 20:01:13 2017
****************************************

Attributes:
    b - black box (unknown)
    h - hierarchical
    n - noncombinational
    r - removable
   so - sizing only
    u - contains unmapped logic

Cell                      Reference       Library             Area  Attributes
--------------------------------------------------------------------------------
U1                        NBUFFX8_RVT     saed32rvt_tt1p05v25c 3.812160 so
U2                        NBUFFX8_RVT     saed32rvt_tt1p05v25c 3.812160 so
U3                        NBUFFX8_HVT     saed32hvt_tt1p05v25c 3.812160 so
U4                        NBUFFX8_RVT     saed32rvt_tt1p05v25c 3.812160 so
U5                        NBUFFX8_LVT     saed32lvt_tt1p05v25c 3.812160 so
U6                        NBUFFX4_RVT     saed32rvt_tt1p05v25c 2.541440 so
U7                        NBUFFX8_HVT     saed32hvt_tt1p05v25c 3.812160 so
U8                        NBUFFX8_RVT     saed32rvt_tt1p05v25c 3.812160 so
U9                        NBUFFX8_RVT     saed32rvt_tt1p05v25c 3.812160 so
U10                       NBUFFX16_RVT    saed32rvt_tt1p05v25c 6.099456 so
U11                       NBUFFX8_HVT     saed32hvt_tt1p05v25c 3.812160 so
U12                       NBUFFX8_RVT     saed32rvt_tt1p05v25c 3.812160 so
U13                       NBUFFX4_HVT     saed32hvt_tt1p05v25c 2.541440 so
U14                       NBUFFX2_HVT     saed32hvt_tt1p05v25c 2.033152 so
U15                       NBUFFX8_HVT     saed32hvt_tt1p05v25c 3.812160 so
U16                       NBUFFX8_HVT     saed32hvt_tt1p05v25c 3.812160 so
U17                       NBUFFX8_HVT     saed32hvt_tt1p05v25c 3.812160 so
U18                       NBUFFX8_RVT     saed32rvt_tt1p05v25c 3.812160 so
U19                       NBUFFX8_RVT     saed32rvt_tt1p05v25c 3.812160 so
U20                       NBUFFX8_RVT     saed32rvt_tt1p05v25c 3.812160 so
U21                       NBUFFX8_RVT     saed32rvt_tt1p05v25c 3.812160 so
U22                       NBUFFX8_LVT     saed32lvt_tt1p05v25c 3.812160 so
U23                       NBUFFX8_HVT     saed32hvt_tt1p05v25c 3.812160 so
U24                       NBUFFX8_RVT     saed32rvt_tt1p05v25c 3.812160 so
U25                       NBUFFX8_RVT     saed32rvt_tt1p05v25c 3.812160 so
U26                       NBUFFX8_RVT     saed32rvt_tt1p05v25c 3.812160 so
U27                       NBUFFX4_HVT     saed32hvt_tt1p05v25c 2.541440 so
U28                       NBUFFX2_HVT     saed32hvt_tt1p05v25c 2.033152 so
U29                       NBUFFX2_HVT     saed32hvt_tt1p05v25c 2.033152 so
U30                       NBUFFX8_HVT     saed32hvt_tt1p05v25c 3.812160 so
U31                       NBUFFX8_RVT     saed32rvt_tt1p05v25c 3.812160 so
U32                       NBUFFX8_HVT     saed32hvt_tt1p05v25c 3.812160 so
U33                       NBUFFX8_RVT     saed32rvt_tt1p05v25c 3.812160 so
U34                       NBUFFX8_HVT     saed32hvt_tt1p05v25c 3.812160 so
U35                       NBUFFX8_HVT     saed32hvt_tt1p05v25c 3.812160 so
U36                       NBUFFX8_HVT     saed32hvt_tt1p05v25c 3.812160 so
U37                       NBUFFX8_RVT     saed32rvt_tt1p05v25c 3.812160 so
U38                       NBUFFX8_RVT     saed32rvt_tt1p05v25c 3.812160 so
U39                       NBUFFX8_HVT     saed32hvt_tt1p05v25c 3.812160 so
U40                       NBUFFX4_RVT     saed32rvt_tt1p05v25c 2.541440 so
U41                       NBUFFX8_HVT     saed32hvt_tt1p05v25c 3.812160 so
U42                       NBUFFX8_RVT     saed32rvt_tt1p05v25c 3.812160 so
U43                       NBUFFX8_HVT     saed32hvt_tt1p05v25c 3.812160 so
U44                       NBUFFX8_HVT     saed32hvt_tt1p05v25c 3.812160 so
U45                       NBUFFX8_HVT     saed32hvt_tt1p05v25c 3.812160 so
U46                       NBUFFX4_HVT     saed32hvt_tt1p05v25c 2.541440 so
U47                       NBUFFX4_HVT     saed32hvt_tt1p05v25c 2.541440 so
U49                       NBUFFX8_RVT     saed32rvt_tt1p05v25c 3.812160
U50                       NBUFFX8_HVT     saed32hvt_tt1p05v25c 3.812160
U51                       NBUFFX8_HVT     saed32hvt_tt1p05v25c 3.812160
U52                       NBUFFX8_HVT     saed32hvt_tt1p05v25c 3.812160
U53                       NBUFFX8_HVT     saed32hvt_tt1p05v25c 3.812160
U54                       NBUFFX8_RVT     saed32rvt_tt1p05v25c 3.812160
U55                       NBUFFX8_HVT     saed32hvt_tt1p05v25c 3.812160
U56                       NBUFFX8_RVT     saed32rvt_tt1p05v25c 3.812160
U57                       NBUFFX8_RVT     saed32rvt_tt1p05v25c 3.812160
U58                       NBUFFX8_RVT     saed32rvt_tt1p05v25c 3.812160
U59                       NBUFFX8_RVT     saed32rvt_tt1p05v25c 3.812160
U60                       NBUFFX8_HVT     saed32hvt_tt1p05v25c 3.812160
U61                       NBUFFX8_HVT     saed32hvt_tt1p05v25c 3.812160
U62                       NBUFFX8_RVT     saed32rvt_tt1p05v25c 3.812160
U63                       NBUFFX8_HVT     saed32hvt_tt1p05v25c 3.812160
U64                       NBUFFX8_RVT     saed32rvt_tt1p05v25c 3.812160
U65                       NBUFFX8_RVT     saed32rvt_tt1p05v25c 3.812160
U66                       NBUFFX8_HVT     saed32hvt_tt1p05v25c 3.812160
U67                       NBUFFX8_RVT     saed32rvt_tt1p05v25c 3.812160
U68                       NBUFFX8_HVT     saed32hvt_tt1p05v25c 3.812160
U69                       NBUFFX8_HVT     saed32hvt_tt1p05v25c 3.812160
U70                       NBUFFX8_HVT     saed32hvt_tt1p05v25c 3.812160
U71                       NBUFFX32_HVT    saed32hvt_tt1p05v25c 10.674048
U72                       INVX2_HVT       saed32hvt_tt1p05v25c 1.524864
U73                       INVX8_HVT       saed32hvt_tt1p05v25c 3.049728
U74                       NBUFFX2_HVT     saed32hvt_tt1p05v25c 2.033152
ctrl                      ctrl                            365.967367 b, h, n
dpathtotal                dpathtotal                      389020.520012 b, h, n
--------------------------------------------------------------------------------
Total 75 cells                                            389656.134164
1
