 
****************************************
Report : cell
Design : dfe3Main
Version: G-2012.06-SP3
Date   : Tue May  2 17:28:23 2017
****************************************

Attributes:
    b - black box (unknown)
    h - hierarchical
    n - noncombinational
    r - removable
   so - sizing only
    u - contains unmapped logic

Cell                      Reference       Library             Area  Attributes
--------------------------------------------------------------------------------
U1                        NBUFFX8_LVT     saed32lvt_tt1p05v25c 3.812160 so
U2                        NBUFFX16_RVT    saed32rvt_tt1p05v25c 6.099456 so
U3                        NBUFFX8_RVT     saed32rvt_tt1p05v25c 3.812160 so
U4                        NBUFFX8_RVT     saed32rvt_tt1p05v25c 3.812160 so
U5                        NBUFFX8_RVT     saed32rvt_tt1p05v25c 3.812160 so
U6                        NBUFFX4_HVT     saed32hvt_tt1p05v25c 2.541440 so
U7                        NBUFFX4_HVT     saed32hvt_tt1p05v25c 2.541440 so
U8                        NBUFFX8_RVT     saed32rvt_tt1p05v25c 3.812160 so
U9                        NBUFFX8_HVT     saed32hvt_tt1p05v25c 3.812160 so
U10                       NBUFFX8_RVT     saed32rvt_tt1p05v25c 3.812160 so
U11                       NBUFFX4_HVT     saed32hvt_tt1p05v25c 2.541440 so
U12                       NBUFFX8_RVT     saed32rvt_tt1p05v25c 3.812160 so
U13                       NBUFFX8_RVT     saed32rvt_tt1p05v25c 3.812160 so
U14                       NBUFFX4_HVT     saed32hvt_tt1p05v25c 2.541440 so
U15                       NBUFFX8_RVT     saed32rvt_tt1p05v25c 3.812160 so
U16                       NBUFFX8_RVT     saed32rvt_tt1p05v25c 3.812160 so
U17                       NBUFFX4_HVT     saed32hvt_tt1p05v25c 2.541440 so
U18                       NBUFFX4_HVT     saed32hvt_tt1p05v25c 2.541440 so
U19                       NBUFFX8_RVT     saed32rvt_tt1p05v25c 3.812160 so
U20                       NBUFFX4_HVT     saed32hvt_tt1p05v25c 2.541440 so
U21                       NBUFFX4_HVT     saed32hvt_tt1p05v25c 2.541440 so
U22                       NBUFFX4_HVT     saed32hvt_tt1p05v25c 2.541440 so
U23                       NBUFFX8_HVT     saed32hvt_tt1p05v25c 3.812160 so
U24                       NBUFFX8_RVT     saed32rvt_tt1p05v25c 3.812160 so
U25                       NBUFFX8_HVT     saed32hvt_tt1p05v25c 3.812160 so
U26                       NBUFFX16_RVT    saed32rvt_tt1p05v25c 6.099456 so
U27                       NBUFFX16_RVT    saed32rvt_tt1p05v25c 6.099456 so
U28                       NBUFFX8_LVT     saed32lvt_tt1p05v25c 3.812160 so
U29                       NBUFFX16_LVT    saed32lvt_tt1p05v25c 6.099456 so
U30                       NBUFFX8_LVT     saed32lvt_tt1p05v25c 3.812160 so
U31                       NBUFFX8_LVT     saed32lvt_tt1p05v25c 3.812160 so
U32                       NBUFFX8_RVT     saed32rvt_tt1p05v25c 3.812160 so
U33                       NBUFFX8_RVT     saed32rvt_tt1p05v25c 3.812160 so
U34                       NBUFFX8_LVT     saed32lvt_tt1p05v25c 3.812160 so
U35                       NBUFFX2_HVT     saed32hvt_tt1p05v25c 2.033152 so
U37                       NBUFFX4_HVT     saed32hvt_tt1p05v25c 2.541440
U38                       NBUFFX8_HVT     saed32hvt_tt1p05v25c 3.812160
U39                       NBUFFX4_HVT     saed32hvt_tt1p05v25c 2.541440
U40                       NBUFFX4_HVT     saed32hvt_tt1p05v25c 2.541440
U41                       NBUFFX8_RVT     saed32rvt_tt1p05v25c 3.812160
U42                       NBUFFX4_HVT     saed32hvt_tt1p05v25c 2.541440
U43                       NBUFFX8_RVT     saed32rvt_tt1p05v25c 3.812160
U44                       NBUFFX8_RVT     saed32rvt_tt1p05v25c 3.812160
U45                       NBUFFX8_LVT     saed32lvt_tt1p05v25c 3.812160
U46                       NBUFFX8_RVT     saed32rvt_tt1p05v25c 3.812160
U47                       NBUFFX8_RVT     saed32rvt_tt1p05v25c 3.812160
U48                       NBUFFX8_RVT     saed32rvt_tt1p05v25c 3.812160
U49                       NBUFFX8_RVT     saed32rvt_tt1p05v25c 3.812160
U50                       NBUFFX8_HVT     saed32hvt_tt1p05v25c 3.812160
U51                       NBUFFX8_RVT     saed32rvt_tt1p05v25c 3.812160
U52                       NBUFFX8_LVT     saed32lvt_tt1p05v25c 3.812160
U53                       NBUFFX8_RVT     saed32rvt_tt1p05v25c 3.812160
U54                       NBUFFX16_RVT    saed32rvt_tt1p05v25c 6.099456
U55                       NBUFFX16_RVT    saed32rvt_tt1p05v25c 6.099456
U56                       NBUFFX8_RVT     saed32rvt_tt1p05v25c 3.812160
U57                       NBUFFX8_RVT     saed32rvt_tt1p05v25c 3.812160
U58                       NBUFFX8_HVT     saed32hvt_tt1p05v25c 3.812160
U59                       NBUFFX4_HVT     saed32hvt_tt1p05v25c 2.541440
U60                       NBUFFX2_HVT     saed32hvt_tt1p05v25c 2.033152
U61                       INVX8_RVT       saed32rvt_tt1p05v25c 3.049728
ctrl                      ctrl                            422.895626 b, h, n
dpathtotal                dpathtotal                      292524.071525 b, h, n
--------------------------------------------------------------------------------
Total 62 cells                                            293167.309999
1
