Information: Propagating switching activity (low effort zero delay simulation). (PWR-6)
Warning: Design has unannotated primary inputs. (PWR-414)
Warning: Design has unannotated sequential cell outputs. (PWR-415)
 
****************************************
Report : power
        -hier
        -analysis_effort low
Design : dfe3Main
Version: G-2012.06-SP3
Date   : Tue May  2 17:28:20 2017
****************************************


Library(s) Used:

    saed32rvt_tt1p05v25c (File: /home/ff/cs250/stdcells/synopsys-32nm/multi_vt/db/cells_rvt.db)
    saed32lvt_tt1p05v25c (File: /home/ff/cs250/stdcells/synopsys-32nm/multi_vt/db/cells_lvt.db)
    saed32hvt_tt1p05v25c (File: /home/ff/cs250/stdcells/synopsys-32nm/multi_vt/db/cells_hvt.db)


Operating Conditions: tt1p05v25c   Library: saed32hvt_tt1p05v25c
Wire Load Model Mode: Inactive.


Global Operating Voltage = 1.05 
Power-specific unit information :
    Voltage Units = 1V
    Capacitance Units = 1.000000ff
    Time Units = 1ns
    Dynamic Power Units = 1uW    (derived from V,C,T units)
    Leakage Power Units = 1pW


--------------------------------------------------------------------------------
                                       Switch   Int      Leak     Total
Hierarchy                              Power    Power    Power    Power    %
--------------------------------------------------------------------------------
dfe3Main                               1.95e+03 7.94e+04 5.60e+10 1.37e+05 100.0
  ctrl (ctrl)                            11.443   48.555 1.40e+08  200.442   0.1
  dpathtotal (dpathtotal)              1.92e+03 7.93e+04 5.57e+10 1.37e+05  99.7
    fir_feedback (fir_feedback)         312.044 1.39e+04 3.97e+10 5.39e+04  39.2
    decision_device (decision_device)     0.000 1.12e-04 3.71e+07   37.110   0.0
    correlator (correlator)            1.48e+03 6.54e+04 1.55e+10 8.24e+04  60.0
1
