 
****************************************
Report : resources
Design : dfe3Main
Version: G-2012.06-SP3
Date   : Tue May  2 17:28:21 2017
****************************************


No resource sharing information to report.

No implementations to report

No multiplexors to report
 
****************************************
Design : ctrl
****************************************

Resource Report for this hierarchy in file
        /scratch/cs250-aab/dsp/build/vlsi/generated-src/dfe3Main.DefaultConfig.v
=============================================================================
| Cell           | Module         | Parameters | Contained Operations       |
=============================================================================
| gt_x_5         | DW_cmp         | width=22   | gt_25002                   |
| gt_x_7         | DW_cmp         | width=22   | gt_25005                   |
| add_x_9        | DW01_inc       | width=12   | add_25009                  |
=============================================================================


Implementation Report
===============================================================================
|                    |                  | Current            | Set            |
| Cell               | Module           | Implementation     | Implementation |
===============================================================================
| gt_x_5             | DW_cmp           | apparch (area)     |                |
| gt_x_7             | DW_cmp           | apparch (area)     |                |
| add_x_9            | DW01_inc         | apparch (area)     |                |
===============================================================================


No multiplexors to report
 
****************************************
Design : SNPS_CLOCK_GATE_HIGH_ctrl_0
****************************************

No resource sharing information to report.

No implementations to report

No multiplexors to report
 
****************************************
Design : dpathtotal
****************************************

Resource Report for this hierarchy in file
        /scratch/cs250-aab/dsp/build/vlsi/generated-src/dfe3Main.DefaultConfig.v
=============================================================================
| Cell           | Module         | Parameters | Contained Operations       |
=============================================================================
| sub_x_1        | DW01_sub       | width=17   | sub_24892                  |
| sub_x_2        | DW01_sub       | width=17   | sub_24893                  |
=============================================================================


Implementation Report
===============================================================================
|                    |                  | Current            | Set            |
| Cell               | Module           | Implementation     | Implementation |
===============================================================================
| sub_x_1            | DW01_sub         | pparch (area,speed)                 |
| sub_x_2            | DW01_sub         | pparch (speed)     |                |
===============================================================================


No multiplexors to report
 
****************************************
Design : fir_feedback
****************************************

Resource Report for this hierarchy in file
        /scratch/cs250-aab/dsp/build/vlsi/generated-src/dfe3Main.DefaultConfig.v
=============================================================================
| Cell           | Module         | Parameters | Contained Operations       |
=============================================================================
| lt_x_7         | DW_cmp         | width=2    | lt_20402                   |
| gt_x_8         | DW_cmp         | width=22   | gt_20404                   |
| gt_x_9         | DW_cmp         | width=22   | gt_20405                   |
| sub_x_12       | DW01_dec       | width=7    | sub_20411                  |
| add_x_19       | DW01_inc       | width=2    | add_20426                  |
| sub_x_292      | DW01_sub       | width=34   | sub_20981                  |
| sub_x_293      | DW01_sub       | width=34   | sub_20997                  |
| sub_x_548      | DW01_sub       | width=34   | sub_21268                  |
| sub_x_549      | DW01_sub       | width=34   | sub_21284                  |
| sub_x_804      | DW01_sub       | width=34   | sub_21555                  |
| sub_x_805      | DW01_sub       | width=34   | sub_21571                  |
| DP_OP_1291J2_124_2079           |            |                            |
|                | DP_OP_1291J2_124_2079 |     |                            |
| DP_OP_1292J2_125_2079           |            |                            |
|                | DP_OP_1292J2_125_2079 |     |                            |
| DP_OP_1293J2_126_4461           |            |                            |
|                | DP_OP_1293J2_126_4461 |     |                            |
| DP_OP_1294J2_127_4461           |            |                            |
|                | DP_OP_1294J2_127_4461 |     |                            |
| DP_OP_1366_135_2468             |            |                            |
|                | DP_OP_1366_135_2468 |       |                            |
=============================================================================

Datapath Report for DP_OP_1291J2_124_2079
==============================================================================
| Cell                 | Contained Operations                                |
==============================================================================
| DP_OP_1291J2_124_2079 | mult_20971 add_20975 mult_20974                    |
==============================================================================

==============================================================================
|       |      | Data     |       |                                          |
| Var   | Type | Class    | Width | Expression                               |
==============================================================================
| I1    | PI   | Signed   | 16    |                                          |
| I2    | PI   | Signed   | 16    |                                          |
| I3    | PI   | Signed   | 16    |                                          |
| I4    | PI   | Signed   | 16    |                                          |
| T291  | IFO  | Signed   | 32    | I1 * I2                                  |
| T292  | IFO  | Signed   | 32    | I3 * I4                                  |
| O1    | PO   | Unsigned | 32    | T291 + T292                              |
==============================================================================

Datapath Report for DP_OP_1292J2_125_2079
==============================================================================
| Cell                 | Contained Operations                                |
==============================================================================
| DP_OP_1292J2_125_2079 | mult_20987 sub_20991 mult_20990                    |
==============================================================================

==============================================================================
|       |      | Data     |       |                                          |
| Var   | Type | Class    | Width | Expression                               |
==============================================================================
| I1    | PI   | Signed   | 16    |                                          |
| I2    | PI   | Signed   | 16    |                                          |
| I3    | PI   | Signed   | 16    |                                          |
| I4    | PI   | Signed   | 16    |                                          |
| T295  | IFO  | Signed   | 32    | I1 * I2                                  |
| T296  | IFO  | Signed   | 32    | I3 * I4                                  |
| O1    | PO   | Signed   | 32    | T295 - T296                              |
==============================================================================

Datapath Report for DP_OP_1293J2_126_4461
==============================================================================
| Cell                 | Contained Operations                                |
==============================================================================
| DP_OP_1293J2_126_4461 | mult_21258 add_21262 mult_21261 mult_21274         |
|                      | sub_21278 mult_21277                                |
==============================================================================

==============================================================================
|       |      | Data     |       |                                          |
| Var   | Type | Class    | Width | Expression                               |
==============================================================================
| I1    | PI   | Signed   | 16    |                                          |
| I2    | PI   | Signed   | 16    |                                          |
| I3    | PI   | Signed   | 16    |                                          |
| I4    | PI   | Signed   | 16    |                                          |
| T553  | IFO  | Signed   | 32    | I1 * I2                                  |
| T554  | IFO  | Signed   | 32    | I3 * I4                                  |
| T558  | IFO  | Signed   | 32    | I1 * I4                                  |
| O1    | PO   | Unsigned | 32    | T553 + T554                              |
| O2    | PO   | Signed   | 32    | T554 - T558                              |
==============================================================================

Datapath Report for DP_OP_1294J2_127_4461
==============================================================================
| Cell                 | Contained Operations                                |
==============================================================================
| DP_OP_1294J2_127_4461 | mult_21545 add_21549 mult_21548 mult_21561         |
|                      | sub_21565 mult_21564                                |
==============================================================================

==============================================================================
|       |      | Data     |       |                                          |
| Var   | Type | Class    | Width | Expression                               |
==============================================================================
| I1    | PI   | Signed   | 16    |                                          |
| I2    | PI   | Signed   | 16    |                                          |
| I3    | PI   | Signed   | 16    |                                          |
| I4    | PI   | Signed   | 16    |                                          |
| T815  | IFO  | Signed   | 32    | I1 * I2                                  |
| T816  | IFO  | Signed   | 32    | I3 * I4                                  |
| T820  | IFO  | Signed   | 32    | I1 * I4                                  |
| O1    | PO   | Unsigned | 32    | T815 + T816                              |
| O2    | PO   | Signed   | 32    | T816 - T820                              |
==============================================================================

Datapath Report for DP_OP_1366_135_2468
==============================================================================
| Cell                 | Contained Operations                                |
==============================================================================
| DP_OP_1366_135_2468  | sub_21601 sub_21632 sub_21691 mult_21611 mult_21642 |
|                      | mult_21701 add_21759 add_21729 add_21704 add_21733  |
|                      | add_21765 add_21671 add_21645 add_21675 add_21671   |
|                      | add_21645 add_21675 add_21759 add_21729 add_21704   |
|                      | add_21733 add_21765 add_21614 mult_21605 mult_21636 |
|                      | mult_21695 add_21591 sub_21758 sub_21728 sub_21703  |
|                      | add_21732 add_21763 add_21759 add_21729 add_21704   |
|                      | add_21733 add_21765 sub_21670 sub_21644 add_21674   |
|                      | add_21671 add_21645 add_21675 mult_21662 mult_21720 |
|                      | add_21648 sub_21758 sub_21728 sub_21703 add_21732   |
|                      | add_21763 add_21759 add_21729 add_21704 add_21733   |
|                      | add_21765 mult_21750 add_21736 mult_21756 sub_21746 |
|                      | mult_21668 mult_21726 sub_21658 sub_21716 sub_21758 |
|                      | sub_21728 sub_21703 add_21732 add_21763 sub_21670   |
|                      | sub_21644 add_21674 sub_21758 sub_21728 sub_21703   |
|                      | add_21732 add_21763 mult_21753 add_21741 sub_21670  |
|                      | sub_21644 add_21674 mult_21665 mult_21723 add_21653 |
|                      | add_21711 sub_21613 mult_21608 mult_21639           |
|                      | mult_21698 add_21596 add_21627 add_21686            |
==============================================================================

==============================================================================
|       |      | Data     |       |                                          |
| Var   | Type | Class    | Width | Expression                               |
==============================================================================
| I1    | PI   | Signed   | 16    |                                          |
| I2    | PI   | Signed   | 16    |                                          |
| I3    | PI   | Signed   | 22    |                                          |
| I4    | PI   | Unsigned | 1     |                                          |
| I5    | PI   | Unsigned | 1     |                                          |
| I6    | PI   | Signed   | 22    |                                          |
| I7    | PI   | Signed   | 16    |                                          |
| I8    | PI   | Signed   | 22    |                                          |
| I9    | PI   | Signed   | 22    |                                          |
| I10   | PI   | Signed   | 16    |                                          |
| I11   | PI   | Signed   | 22    |                                          |
| I12   | PI   | Signed   | 22    |                                          |
| I13   | PI   | Signed   | 16    |                                          |
| I14   | PI   | Unsigned | 1     |                                          |
| I15   | PI   | Unsigned | 1     |                                          |
| I16   | PI   | Signed   | 16    |                                          |
| I17   | PI   | Unsigned | 1     |                                          |
| I18   | PI   | Unsigned | 1     |                                          |
| I19   | PI   | Unsigned | 1     |                                          |
| T831  | IFO  | Signed   | 17    | I1 - I2                                  |
| T834  | IFO  | Signed   | 28    | T831 * I3                                |
| T1311 | IFO  | Signed   | 17    | T834[27:11]                              |
| T829  | IFO  | Signed   | 23    | I3 + I6                                  |
| T832  | IFO  | Signed   | 28    | I2 * T829                                |
| T1186 | IFO  | Signed   | 17    | T832[27:11]                              |
| T848  | IFO  | Signed   | 17    | I16 - I7                                 |
| T851  | IFO  | Signed   | 28    | T848 * I8                                |
| T1325 | IFO  | Signed   | 17    | T851[27:11]                              |
| T846  | IFO  | Signed   | 23    | I8 + I9                                  |
| T849  | IFO  | Signed   | 28    | I7 * T846                                |
| T1194 | IFO  | Signed   | 17    | T849[27:11]                              |
| T1271 | IFO  | Unsigned | 17    | T1186 + T1194                            |
| T876  | IFO  | Signed   | 17    | I13 - I10                                |
| T879  | IFO  | Signed   | 28    | T876 * I11                               |
| T1207 | IFO  | Signed   | 17    | T879[27:11]                              |
| T874  | IFO  | Signed   | 23    | I11 + I12                                |
| T877  | IFO  | Signed   | 28    | I10 * T874                               |
| T1205 | IFO  | Signed   | 17    | T877[27:11]                              |
| T1269 | IFO  | Unsigned | 17    | T1205 + T1271                            |
| T1317 | IFO  | Unsigned | 17    | T1207 + T1269                            |
| T1322 | IFO  | Unsigned | 17    | { I14, I15 } ? T1271 : T1317             |
| T1320 | IFO  | Unsigned | 17    | T1325 + T1322                            |
| T1313 | IFO  | Unsigned | 17    | { I4, I5 } ? T1186 : T1320               |
| T875  | IFO  | Signed   | 17    | I10 + I13                                |
| T878  | IFO  | Signed   | 28    | T875 * I12                               |
| T1206 | IFO  | Signed   | 17    | T878[27:11]                              |
| T1356 | IFO  | Signed   | 17    | T1269 - T1206                            |
| T1360 | IFO  | Signed   | 17    | { I17, I15 } ? T1271 : T1356             |
| T847  | IFO  | Signed   | 17    | I7 + I16                                 |
| T850  | IFO  | Signed   | 28    | T847 * I9                                |
| T1364 | IFO  | Signed   | 17    | T850[27:11]                              |
| T1359 | IFO  | Signed   | 17    | T1360 - T1364                            |
| T1350 | IFO  | Signed   | 17    | { I18, I19 } ? T1186 : T1359             |
| T830  | IFO  | Signed   | 17    | I2 + I1                                  |
| T833  | IFO  | Signed   | 28    | T830 * I6                                |
| T1353 | IFO  | Signed   | 17    | T833[27:11]                              |
| O1    | PO   | Unsigned | 17    | T1311 + T1313                            |
| O2    | PO   | Signed   | 17    | T1350 - T1353                            |
==============================================================================


Implementation Report
===============================================================================
|                    |                  | Current            | Set            |
| Cell               | Module           | Implementation     | Implementation |
===============================================================================
| lt_x_7             | DW_cmp           | apparch (area)     |                |
| gt_x_8             | DW_cmp           | apparch (area)     |                |
| gt_x_9             | DW_cmp           | apparch (area)     |                |
| sub_x_12           | DW01_dec         | apparch (area)     |                |
| add_x_19           | DW01_inc         | apparch (area)     |                |
| sub_x_292          | DW01_sub         | apparch (area)     |                |
| sub_x_293          | DW01_sub         | apparch (area)     |                |
| sub_x_548          | DW01_sub         | apparch (area)     |                |
| sub_x_549          | DW01_sub         | apparch (area)     |                |
| DP_OP_1291J2_124_2079                 |                    |                |
|                    | DP_OP_1291J2_124_2079 | str (area)    |                |
| DP_OP_1292J2_125_2079                 |                    |                |
|                    | DP_OP_1292J2_125_2079 | str (area)    |                |
| DP_OP_1293J2_126_4461                 |                    |                |
|                    | DP_OP_1293J2_126_4461 | str (area)    |                |
| DP_OP_1366_135_2468                   |                    |                |
|                    | DP_OP_1366_135_2468 | str (area,speed)                 |
===============================================================================


No multiplexors to report
 
****************************************
Design : SNPS_CLOCK_GATE_HIGH_fir_feedback_2_3
****************************************

No resource sharing information to report.

No implementations to report

No multiplexors to report
 
****************************************
Design : SNPS_CLOCK_GATE_HIGH_fir_feedback_1_2
****************************************

No resource sharing information to report.

No implementations to report

No multiplexors to report
 
****************************************
Design : SNPS_CLOCK_GATE_HIGH_fir_feedback_0_1
****************************************

No resource sharing information to report.

No implementations to report

No multiplexors to report
 
****************************************
Design : correlator
****************************************

Resource Report for this hierarchy in file
        /scratch/cs250-aab/dsp/build/vlsi/generated-src/dfe3Main.DefaultConfig.v
=============================================================================
| Cell           | Module         | Parameters | Contained Operations       |
=============================================================================
| gt_x_1         | DW_cmp         | width=12   | gt_5431                    |
| DP_OP_1178J1_124_8812           |            |                            |
|                | DP_OP_1178J1_124_8812 |     |                            |
| DP_OP_1179J1_125_3606           |            |                            |
|                | DP_OP_1179J1_125_3606 |     |                            |
| DP_OP_1180J1_126_8812           |            |                            |
|                | DP_OP_1180J1_126_8812 |     |                            |
| DP_OP_1181J1_127_7525           |            |                            |
|                | DP_OP_1181J1_127_7525 |     |                            |
| DP_OP_1182J1_128_7525           |            |                            |
|                | DP_OP_1182J1_128_7525 |     |                            |
=============================================================================

Datapath Report for DP_OP_1178J1_124_8812
==============================================================================
| Cell                 | Contained Operations                                |
==============================================================================
| DP_OP_1178J1_124_8812 | sub_5435 add_5440 sub_5445 sub_5509 add_5450       |
|                      | sub_5455 sub_5515 add_5460 sub_5465 sub_5521        |
|                      | add_5470 add_5475 sub_5479 sub_5531 add_5484        |
|                      | sub_5489 sub_5537 add_5494 sub_5525                 |
==============================================================================

==============================================================================
|       |      | Data     |       |                                          |
| Var   | Type | Class    | Width | Expression                               |
==============================================================================
| I1    | PI   | Signed   | 22    |                                          |
| I2    | PI   | Signed   | 16    |                                          |
| I3    | PI   | Unsigned | 1     |                                          |
| I4    | PI   | Unsigned | 1     |                                          |
| I5    | PI   | Signed   | 22    |                                          |
| I6    | PI   | Signed   | 22    |                                          |
| I7    | PI   | Signed   | 22    |                                          |
| I8    | PI   | Signed   | 22    |                                          |
| I9    | PI   | Signed   | 22    |                                          |
| I10   | PI   | Signed   | 22    |                                          |
| T1162 | IFO  | Signed   | 22    | I1 - I2                                  |
| T63   | IFO  | Signed   | 22    | { I3, I4 } ? T1162 : $unsigned(1'b0)     |
| T1163 | IFO  | Signed   | 22    | I5 - T63                                 |
| T65   | IFO  | Signed   | 22    | { I3, I4 } ? T1163 : $unsigned(1'b0)     |
| T1164 | IFO  | Signed   | 22    | I6 - T65                                 |
| T67   | IFO  | Signed   | 22    | { I3, I4 } ? T1164 : $unsigned(1'b0)     |
| T1165 | IFO  | Signed   | 22    | I7 - T67                                 |
| T69   | IFO  | Signed   | 22    | { I3, I4 } ? T1165 : $unsigned(1'b0)     |
| T24   | IFO  | Unsigned | 22    | T69 + I8                                 |
| T71   | IFO  | Signed   | 22    | { I3, I4 } ? T24 : $unsigned(1'b0)       |
| T1166 | IFO  | Signed   | 22    | I9 - T71                                 |
| T73   | IFO  | Signed   | 22    | { I3, I4 } ? T1166 : $unsigned(1'b0)     |
| O1    | PO   | Signed   | 22    | $signed(1'b0) - T63 - I5                 |
| O2    | PO   | Signed   | 22    | $signed(1'b0) - T65 - I6                 |
| O3    | PO   | Signed   | 22    | $signed(1'b0) - T67 - I7                 |
| O4    | PO   | Signed   | 22    | $signed(1'b0) - T71 - I9                 |
| O5    | PO   | Signed   | 22    | $signed(1'b0) - T73 - I10                |
| O6    | PO   | Signed   | 22    | I10 - T73                                |
| O7    | PO   | Signed   | 22    | T69 - I8                                 |
==============================================================================

Datapath Report for DP_OP_1179J1_125_3606
==============================================================================
| Cell                 | Contained Operations                                |
==============================================================================
| DP_OP_1179J1_125_3606 | add_5416 mult_5424 add_5426 mult_5425 add_5417     |
==============================================================================

==============================================================================
|       |      | Data     |       |                                          |
| Var   | Type | Class    | Width | Expression                               |
==============================================================================
| I1    | PI   | Signed   | 22    |                                          |
| I2    | PI   | Signed   | 22    |                                          |
| I3    | PI   | Signed   | 22    |                                          |
| I4    | PI   | Signed   | 22    |                                          |
| T1110 | IFO  | Signed   | 15    | O1[22:8]                                 |
| T1175 | IFO  | Signed   | 15    | O1[22:8]                                 |
| T2    | IFO  | Signed   | 30    | T1110 * T1175                            |
| T1111 | IFO  | Signed   | 15    | O3[22:8]                                 |
| T1177 | IFO  | Signed   | 15    | O3[22:8]                                 |
| T3    | IFO  | Signed   | 30    | T1111 * T1177                            |
| O1    | PO   | Signed   | 23    | I1 + I2                                  |
| O2    | PO   | Unsigned | 30    | T2 + T3                                  |
| O3    | PO   | Signed   | 23    | I3 + I4                                  |
==============================================================================

Datapath Report for DP_OP_1180J1_126_8812
==============================================================================
| Cell                 | Contained Operations                                |
==============================================================================
| DP_OP_1180J1_126_8812 | sub_5436 add_5442 sub_5446 sub_5510 add_5452       |
|                      | sub_5456 sub_5516 add_5462 sub_5466 sub_5522        |
|                      | add_5472 add_5476 sub_5480 sub_5532 add_5486        |
|                      | sub_5490 sub_5538 add_5496 sub_5526                 |
==============================================================================

==============================================================================
|       |      | Data     |       |                                          |
| Var   | Type | Class    | Width | Expression                               |
==============================================================================
| I1    | PI   | Signed   | 22    |                                          |
| I2    | PI   | Signed   | 16    |                                          |
| I3    | PI   | Unsigned | 1     |                                          |
| I4    | PI   | Unsigned | 1     |                                          |
| I5    | PI   | Signed   | 22    |                                          |
| I6    | PI   | Signed   | 22    |                                          |
| I7    | PI   | Signed   | 22    |                                          |
| I8    | PI   | Signed   | 22    |                                          |
| I9    | PI   | Signed   | 22    |                                          |
| I10   | PI   | Signed   | 22    |                                          |
| T1167 | IFO  | Signed   | 22    | I1 - I2                                  |
| T62   | IFO  | Signed   | 22    | { I3, I4 } ? T1167 : $unsigned(1'b0)     |
| T1168 | IFO  | Signed   | 22    | I5 - T62                                 |
| T64   | IFO  | Signed   | 22    | { I3, I4 } ? T1168 : $unsigned(1'b0)     |
| T1169 | IFO  | Signed   | 22    | I6 - T64                                 |
| T66   | IFO  | Signed   | 22    | { I3, I4 } ? T1169 : $unsigned(1'b0)     |
| T1170 | IFO  | Signed   | 22    | I7 - T66                                 |
| T68   | IFO  | Signed   | 22    | { I3, I4 } ? T1170 : $unsigned(1'b0)     |
| T25   | IFO  | Unsigned | 22    | T68 + I8                                 |
| T70   | IFO  | Signed   | 22    | { I3, I4 } ? T25 : $unsigned(1'b0)       |
| T1171 | IFO  | Signed   | 22    | I9 - T70                                 |
| T72   | IFO  | Signed   | 22    | { I3, I4 } ? T1171 : $unsigned(1'b0)     |
| O1    | PO   | Signed   | 22    | $signed(1'b0) - T62 - I5                 |
| O2    | PO   | Signed   | 22    | $signed(1'b0) - T64 - I6                 |
| O3    | PO   | Signed   | 22    | $signed(1'b0) - T66 - I7                 |
| O4    | PO   | Signed   | 22    | $signed(1'b0) - T70 - I9                 |
| O5    | PO   | Signed   | 22    | $signed(1'b0) - T72 - I10                |
| O6    | PO   | Signed   | 22    | I10 - T72                                |
| O7    | PO   | Signed   | 22    | T68 - I8                                 |
==============================================================================

Datapath Report for DP_OP_1181J1_127_7525
==============================================================================
| Cell                 | Contained Operations                                |
==============================================================================
| DP_OP_1181J1_127_7525 | sub_5435 sub_5502                                  |
==============================================================================

==============================================================================
|       |      | Data     |       |                                          |
| Var   | Type | Class    | Width | Expression                               |
==============================================================================
| I1    | PI   | Signed   | 16    |                                          |
| I2    | PI   | Signed   | 22    |                                          |
| O1    | PO   | Signed   | 22    | $signed(1'b0) - I1 - I2                  |
==============================================================================

Datapath Report for DP_OP_1182J1_128_7525
==============================================================================
| Cell                 | Contained Operations                                |
==============================================================================
| DP_OP_1182J1_128_7525 | sub_5436 sub_5504                                  |
==============================================================================

==============================================================================
|       |      | Data     |       |                                          |
| Var   | Type | Class    | Width | Expression                               |
==============================================================================
| I1    | PI   | Signed   | 16    |                                          |
| I2    | PI   | Signed   | 22    |                                          |
| O1    | PO   | Signed   | 22    | $signed(1'b0) - I1 - I2                  |
==============================================================================


Implementation Report
===============================================================================
|                    |                  | Current            | Set            |
| Cell               | Module           | Implementation     | Implementation |
===============================================================================
| gt_x_1             | DW_cmp           | apparch (area)     |                |
| DP_OP_1178J1_124_8812                 |                    |                |
|                    | DP_OP_1178J1_124_8812 | str (area,speed)               |
| DP_OP_1179J1_125_3606                 |                    |                |
|                    | DP_OP_1179J1_125_3606 | str (area,speed)               |
| DP_OP_1180J1_126_8812                 |                    |                |
|                    | DP_OP_1180J1_126_8812 | str (area,speed)               |
| DP_OP_1181J1_127_7525                 |                    |                |
|                    | DP_OP_1181J1_127_7525 | str (area)    |                |
| DP_OP_1182J1_128_7525                 |                    |                |
|                    | DP_OP_1182J1_128_7525 | str (area)    |                |
===============================================================================


No multiplexors to report
 
****************************************
Design : SNPS_CLOCK_GATE_HIGH_correlator
****************************************

No resource sharing information to report.

No implementations to report

No multiplexors to report
 
****************************************
Design : decision_device
****************************************

Resource Report for this hierarchy in file
        /scratch/cs250-aab/dsp/build/vlsi/generated-src/dfe3Main.DefaultConfig.v
=============================================================================
| Cell           | Module         | Parameters | Contained Operations       |
=============================================================================
| sub_x_14       | DW01_sub       | width=16   | sub_17937                  |
| sub_x_15       | DW01_sub       | width=16   | sub_17938                  |
=============================================================================


Implementation Report
===============================================================================
|                    |                  | Current            | Set            |
| Cell               | Module           | Implementation     | Implementation |
===============================================================================
| sub_x_14           | DW01_sub         | apparch (area)     |                |
| sub_x_15           | DW01_sub         | apparch (area)     |                |
===============================================================================


No multiplexors to report
1
