Information: Propagating switching activity (low effort zero delay simulation). (PWR-6)
Warning: Design has unannotated primary inputs. (PWR-414)
Warning: Design has unannotated sequential cell outputs. (PWR-415)
Warning: Design has unannotated black box outputs. (PWR-428)
 
****************************************
Report : power
        -hier
        -analysis_effort low
Design : dfe3Main
Version: G-2012.06-SP3
Date   : Tue Apr 25 22:42:20 2017
****************************************


Library(s) Used:

    saed32hvt_tt1p05v25c (File: /home/ff/cs250/stdcells/synopsys-32nm/multi_vt/db/cells_hvt.db)
    saed32rvt_tt1p05v25c (File: /home/ff/cs250/stdcells/synopsys-32nm/multi_vt/db/cells_rvt.db)
    saed32lvt_tt1p05v25c (File: /home/ff/cs250/stdcells/synopsys-32nm/multi_vt/db/cells_lvt.db)


Operating Conditions: tt1p05v25c   Library: saed32hvt_tt1p05v25c
Wire Load Model Mode: Inactive.


Global Operating Voltage = 1.05 
Power-specific unit information :
    Voltage Units = 1V
    Capacitance Units = 1.000000ff
    Time Units = 1ns
    Dynamic Power Units = 1uW    (derived from V,C,T units)
    Leakage Power Units = 1pW


--------------------------------------------------------------------------------
                                       Switch   Int      Leak     Total
Hierarchy                              Power    Power    Power    Power    %
--------------------------------------------------------------------------------
dfe3Main                               1.71e+04 1.89e+05 1.38e+11 3.44e+05 100.0
  ctrl (ctrl)                               N/A  192.464 1.29e+08      N/A   N/A
  dpathtotal (dpathtotal)              1.71e+04 1.88e+05 1.38e+11 3.43e+05  99.8
    fir (fir)                          1.22e+04 2.62e+04 1.25e+11 1.63e+05  47.4
      buffer_mem2 (buffer_mem2)        3.08e+03    0.000    0.000 3.08e+03   0.9
    decision_device (decision_device)   636.643      N/A 5.90e+07  587.156   0.2
    correlator (correlator)            3.65e+03 1.62e+05 1.14e+10 1.77e+05  51.5
1
