 
****************************************
Report : cell
Design : dfe3Main
Version: G-2012.06-SP3
Date   : Sat Apr 29 00:16:12 2017
****************************************

Attributes:
    b - black box (unknown)
    h - hierarchical
    n - noncombinational
    r - removable
   so - sizing only
    u - contains unmapped logic

Cell                      Reference       Library             Area  Attributes
--------------------------------------------------------------------------------
U1                        NBUFFX16_RVT    saed32rvt_tt1p05v25c 6.099456 so
U2                        NBUFFX8_LVT     saed32lvt_tt1p05v25c 3.812160 so
U3                        NBUFFX8_LVT     saed32lvt_tt1p05v25c 3.812160 so
U4                        NBUFFX16_LVT    saed32lvt_tt1p05v25c 6.099456 so
U5                        NBUFFX16_LVT    saed32lvt_tt1p05v25c 6.099456 so
U6                        NBUFFX8_LVT     saed32lvt_tt1p05v25c 3.812160 so
U7                        NBUFFX16_LVT    saed32lvt_tt1p05v25c 6.099456 so
U8                        NBUFFX16_LVT    saed32lvt_tt1p05v25c 6.099456 so
U9                        NBUFFX16_LVT    saed32lvt_tt1p05v25c 6.099456 so
U10                       NBUFFX16_LVT    saed32lvt_tt1p05v25c 6.099456 so
U11                       NBUFFX8_LVT     saed32lvt_tt1p05v25c 3.812160 so
U12                       NBUFFX8_LVT     saed32lvt_tt1p05v25c 3.812160 so
U13                       NBUFFX8_LVT     saed32lvt_tt1p05v25c 3.812160 so
U14                       NBUFFX16_LVT    saed32lvt_tt1p05v25c 6.099456 so
U15                       NBUFFX16_LVT    saed32lvt_tt1p05v25c 6.099456 so
U16                       NBUFFX8_LVT     saed32lvt_tt1p05v25c 3.812160 so
U17                       NBUFFX8_LVT     saed32lvt_tt1p05v25c 3.812160 so
U18                       NBUFFX16_LVT    saed32lvt_tt1p05v25c 6.099456 so
U19                       NBUFFX16_LVT    saed32lvt_tt1p05v25c 6.099456 so
U20                       NBUFFX16_LVT    saed32lvt_tt1p05v25c 6.099456 so
U21                       NBUFFX16_LVT    saed32lvt_tt1p05v25c 6.099456 so
U22                       NBUFFX16_LVT    saed32lvt_tt1p05v25c 6.099456 so
U23                       NBUFFX16_LVT    saed32lvt_tt1p05v25c 6.099456 so
U24                       NBUFFX8_LVT     saed32lvt_tt1p05v25c 3.812160 so
U25                       NBUFFX8_LVT     saed32lvt_tt1p05v25c 3.812160 so
U26                       NBUFFX16_LVT    saed32lvt_tt1p05v25c 6.099456 so
U27                       NBUFFX8_LVT     saed32lvt_tt1p05v25c 3.812160 so
U28                       NBUFFX16_LVT    saed32lvt_tt1p05v25c 6.099456 so
U29                       NBUFFX8_LVT     saed32lvt_tt1p05v25c 3.812160 so
U30                       NBUFFX16_RVT    saed32rvt_tt1p05v25c 6.099456 so
U31                       NBUFFX4_HVT     saed32hvt_tt1p05v25c 2.541440 so
U32                       NBUFFX4_HVT     saed32hvt_tt1p05v25c 2.541440 so
U33                       NBUFFX16_LVT    saed32lvt_tt1p05v25c 6.099456 so
U34                       NBUFFX8_LVT     saed32lvt_tt1p05v25c 3.812160 so
U35                       NBUFFX4_HVT     saed32hvt_tt1p05v25c 2.541440 so
U37                       NBUFFX8_LVT     saed32lvt_tt1p05v25c 3.812160
U38                       NBUFFX8_LVT     saed32lvt_tt1p05v25c 3.812160
U39                       NBUFFX8_LVT     saed32lvt_tt1p05v25c 3.812160
U40                       NBUFFX8_LVT     saed32lvt_tt1p05v25c 3.812160
U41                       NBUFFX8_LVT     saed32lvt_tt1p05v25c 3.812160
U42                       NBUFFX8_LVT     saed32lvt_tt1p05v25c 3.812160
U43                       NBUFFX8_LVT     saed32lvt_tt1p05v25c 3.812160
U44                       NBUFFX8_LVT     saed32lvt_tt1p05v25c 3.812160
U45                       NBUFFX8_LVT     saed32lvt_tt1p05v25c 3.812160
U46                       NBUFFX8_LVT     saed32lvt_tt1p05v25c 3.812160
U47                       NBUFFX8_LVT     saed32lvt_tt1p05v25c 3.812160
U48                       NBUFFX8_LVT     saed32lvt_tt1p05v25c 3.812160
U49                       NBUFFX8_LVT     saed32lvt_tt1p05v25c 3.812160
U50                       NBUFFX8_LVT     saed32lvt_tt1p05v25c 3.812160
U51                       NBUFFX8_LVT     saed32lvt_tt1p05v25c 3.812160
U52                       NBUFFX8_LVT     saed32lvt_tt1p05v25c 3.812160
U53                       NBUFFX8_LVT     saed32lvt_tt1p05v25c 3.812160
U54                       NBUFFX8_LVT     saed32lvt_tt1p05v25c 3.812160
U55                       NBUFFX8_LVT     saed32lvt_tt1p05v25c 3.812160
U56                       NBUFFX8_LVT     saed32lvt_tt1p05v25c 3.812160
U57                       NBUFFX8_LVT     saed32lvt_tt1p05v25c 3.812160
U58                       NBUFFX8_LVT     saed32lvt_tt1p05v25c 3.812160
U59                       NBUFFX8_LVT     saed32lvt_tt1p05v25c 3.812160
U60                       NBUFFX8_LVT     saed32lvt_tt1p05v25c 3.812160
U61                       NBUFFX8_LVT     saed32lvt_tt1p05v25c 3.812160
U62                       NBUFFX8_LVT     saed32lvt_tt1p05v25c 3.812160
U63                       NBUFFX8_LVT     saed32lvt_tt1p05v25c 3.812160
U64                       NBUFFX8_LVT     saed32lvt_tt1p05v25c 3.812160
U65                       NBUFFX2_HVT     saed32hvt_tt1p05v25c 2.033152
U66                       INVX4_RVT       saed32rvt_tt1p05v25c 2.033152
U67                       IBUFFX16_RVT    saed32rvt_tt1p05v25c 6.607744
U68                       NBUFFX2_HVT     saed32hvt_tt1p05v25c 2.033152
ctrl                      ctrl                            373.845831 b, h, n
dpathtotal                dpathtotal                      514372.472315 b, h, n
--------------------------------------------------------------------------------
Total 69 cells                                            515038.837888
1
