 
****************************************
Report : reference
Design : dfe3Main
Version: G-2012.06-SP3
Date   : Sat Apr 29 18:10:02 2017
****************************************

Attributes:
    b - black box (unknown)
   bo - allows boundary optimization
    d - dont_touch
   mo - map_only
    h - hierarchical
    n - noncombinational
    r - removable
    s - synthetic operator
    u - contains unmapped logic

Reference          Library       Unit Area   Count    Total Area   Attributes
-----------------------------------------------------------------------------
INVX16_HVT         saed32hvt_tt1p05v25c     5.082880       1     5.082880
INVX16_RVT         saed32rvt_tt1p05v25c     5.082880       1     5.082880
NBUFFX2_HVT        saed32hvt_tt1p05v25c     2.033152       2     4.066304
NBUFFX4_HVT        saed32hvt_tt1p05v25c     2.541440       9    22.872960
NBUFFX4_RVT        saed32rvt_tt1p05v25c     2.541440       1     2.541440
NBUFFX8_HVT        saed32hvt_tt1p05v25c     3.812160      12    45.745920
NBUFFX8_LVT        saed32lvt_tt1p05v25c     3.812160       2     7.624320
NBUFFX8_RVT        saed32rvt_tt1p05v25c     3.812160      17    64.806720
NBUFFX16_RVT       saed32rvt_tt1p05v25c     6.099456       2    12.198912
ctrl                            376.895560       1    376.895560  b, h, n
dpathtotal                    218803.758228       1 218803.758228 b, h, n
-----------------------------------------------------------------------------
Total 11 references                                 219350.676124

****************************************
Design: ctrl 
****************************************
Reference          Library       Unit Area   Count    Total Area   Attributes
-----------------------------------------------------------------------------
AND2X1_HVT         saed32hvt_tt1p05v25c     2.033152      13    26.430977
AND2X1_LVT         saed32lvt_tt1p05v25c     2.033152      16    32.530434
AND2X1_RVT         saed32rvt_tt1p05v25c     2.033152       2     4.066304
AND2X2_LVT         saed32lvt_tt1p05v25c     2.287296      12    27.447553
AND2X4_LVT         saed32lvt_tt1p05v25c     2.795584       2     5.591168
AND3X1_HVT         saed32hvt_tt1p05v25c     2.287296       6    13.723776
AND4X1_HVT         saed32hvt_tt1p05v25c     2.541440       2     5.082880
AND4X1_RVT         saed32rvt_tt1p05v25c     2.541440       1     2.541440
AO21X1_HVT         saed32hvt_tt1p05v25c     2.541440       3     7.624320
AO21X1_LVT         saed32lvt_tt1p05v25c     2.541440       1     2.541440
AO22X1_RVT         saed32rvt_tt1p05v25c     2.541440       3     7.624320
AOI21X2_HVT        saed32hvt_tt1p05v25c     3.303872       1     3.303872
DFFX1_HVT          saed32hvt_tt1p05v25c     6.607744      11    72.685186 n
DFFX1_LVT          saed32lvt_tt1p05v25c     6.607744       1     6.607744 n
DFFX1_RVT          saed32rvt_tt1p05v25c     6.607744       1     6.607744 n
DFFX2_LVT          saed32lvt_tt1p05v25c     7.116032       1     7.116032 n
INVX1_HVT          saed32hvt_tt1p05v25c     1.270720      15    19.060800
INVX1_LVT          saed32lvt_tt1p05v25c     1.270720       1     1.270720
INVX1_RVT          saed32rvt_tt1p05v25c     1.270720       3     3.812160
INVX2_HVT          saed32hvt_tt1p05v25c     1.524864       1     1.524864
NAND2X0_HVT        saed32hvt_tt1p05v25c     1.524864       7    10.674048
NAND2X0_RVT        saed32rvt_tt1p05v25c     1.524864       2     3.049728
NAND3X0_LVT        saed32lvt_tt1p05v25c     1.779008       1     1.779008
NAND4X0_HVT        saed32hvt_tt1p05v25c     2.033152       2     4.066304
NAND4X0_LVT        saed32lvt_tt1p05v25c     2.033152       1     2.033152
NBUFFX2_HVT        saed32hvt_tt1p05v25c     2.033152       2     4.066304
NBUFFX8_LVT        saed32lvt_tt1p05v25c     3.812160       1     3.812160
NBUFFX32_HVT       saed32hvt_tt1p05v25c    10.674048       1    10.674048
NOR2X0_HVT         saed32hvt_tt1p05v25c     2.541440       1     2.541440
NOR2X4_RVT         saed32rvt_tt1p05v25c     3.303872       1     3.303872
NOR4X0_HVT         saed32hvt_tt1p05v25c     3.049728       2     6.099456
NOR4X0_LVT         saed32lvt_tt1p05v25c     3.049728       4    12.198912
NOR4X0_RVT         saed32rvt_tt1p05v25c     3.049728       2     6.099456
OA21X1_HVT         saed32hvt_tt1p05v25c     2.541440       6    15.248640
OA21X1_RVT         saed32rvt_tt1p05v25c     2.541440       1     2.541440
OR2X1_HVT          saed32hvt_tt1p05v25c     2.033152       3     6.099456
OR2X2_RVT          saed32rvt_tt1p05v25c     2.287296       1     2.287296
OR3X1_HVT          saed32hvt_tt1p05v25c     2.287296       1     2.287296
OR3X1_RVT          saed32rvt_tt1p05v25c     2.541440       1     2.541440
OR4X2_HVT          saed32hvt_tt1p05v25c     3.812160       1     3.812160
SNPS_CLOCK_GATE_HIGH_ctrl_0       5.845312       1      5.845312  b, h
XOR2X1_HVT         saed32hvt_tt1p05v25c     4.320448       2     8.640896
-----------------------------------------------------------------------------
Total 42 references                                   376.895560

****************************************
Design: SNPS_CLOCK_GATE_HIGH_ctrl_0 
****************************************
Reference          Library       Unit Area   Count    Total Area   Attributes
-----------------------------------------------------------------------------
CGLPPRX2_HVT       saed32hvt_tt1p05v25c     5.845312       1     5.845312 b
-----------------------------------------------------------------------------
Total 1 references                                      5.845312

****************************************
Design: dpathtotal 
****************************************
Reference          Library       Unit Area   Count    Total Area   Attributes
-----------------------------------------------------------------------------
AND2X1_HVT         saed32hvt_tt1p05v25c     2.033152       1     2.033152
AND2X1_LVT         saed32lvt_tt1p05v25c     2.033152       8    16.265217
AND2X1_RVT         saed32rvt_tt1p05v25c     2.033152      12    24.397825
AND2X2_LVT         saed32lvt_tt1p05v25c     2.287296       3     6.861888
AND3X1_LVT         saed32lvt_tt1p05v25c     2.287296       2     4.574592
AO21X1_LVT         saed32lvt_tt1p05v25c     2.541440      19    48.287360
AO21X1_RVT         saed32rvt_tt1p05v25c     2.541440      13    33.038720
AO22X1_LVT         saed32lvt_tt1p05v25c     2.541440       1     2.541440
AO22X1_RVT         saed32rvt_tt1p05v25c     2.541440       1     2.541440
AOI21X1_LVT        saed32lvt_tt1p05v25c     3.049728       1     3.049728
INVX1_HVT          saed32hvt_tt1p05v25c     1.270720      29    36.850880
INVX1_LVT          saed32lvt_tt1p05v25c     1.270720      10    12.707200
INVX1_RVT          saed32rvt_tt1p05v25c     1.270720      11    13.977920
INVX2_HVT          saed32hvt_tt1p05v25c     1.524864       1     1.524864
INVX2_LVT          saed32lvt_tt1p05v25c     1.524864       5     7.624320
INVX2_RVT          saed32rvt_tt1p05v25c     1.524864       2     3.049728
INVX4_HVT          saed32hvt_tt1p05v25c     2.033152       1     2.033152
MUX21X2_LVT        saed32lvt_tt1p05v25c     3.558016       1     3.558016
NAND2X0_HVT        saed32hvt_tt1p05v25c     1.524864       5     7.624320
NAND2X0_LVT        saed32lvt_tt1p05v25c     1.524864      17    25.922687
NAND2X0_RVT        saed32rvt_tt1p05v25c     1.524864      23    35.071871
NAND3X0_LVT        saed32lvt_tt1p05v25c     1.779008       5     8.895040
NAND3X0_RVT        saed32rvt_tt1p05v25c     1.779008       1     1.779008
NAND4X0_LVT        saed32lvt_tt1p05v25c     2.033152       1     2.033152
NBUFFX2_HVT        saed32hvt_tt1p05v25c     2.033152       5    10.165761
NBUFFX2_LVT        saed32lvt_tt1p05v25c     2.033152       1     2.033152
NBUFFX4_HVT        saed32hvt_tt1p05v25c     2.541440       2     5.082880
NBUFFX8_HVT        saed32hvt_tt1p05v25c     3.812160      17    64.806720
NBUFFX8_LVT        saed32lvt_tt1p05v25c     3.812160       2     7.624320
NBUFFX32_HVT       saed32hvt_tt1p05v25c    10.674048       2    21.348097
NOR2X0_LVT         saed32lvt_tt1p05v25c     2.541440       5    12.707200
NOR2X0_RVT         saed32rvt_tt1p05v25c     2.541440       6    15.248640
OA21X1_LVT         saed32lvt_tt1p05v25c     2.541440       7    17.790080
OA21X1_RVT         saed32rvt_tt1p05v25c     2.541440       2     5.082880
OA22X1_RVT         saed32rvt_tt1p05v25c     2.541440       1     2.541440
OAI21X1_LVT        saed32lvt_tt1p05v25c     3.049728       2     6.099456
OAI21X2_RVT        saed32rvt_tt1p05v25c     3.303872       1     3.303872
OR2X1_LVT          saed32lvt_tt1p05v25c     2.033152       2     4.066304
OR2X1_RVT          saed32rvt_tt1p05v25c     2.033152       5    10.165761
OR2X2_RVT          saed32rvt_tt1p05v25c     2.287296       2     4.574592
OR2X4_LVT          saed32lvt_tt1p05v25c     2.795584       1     2.795584
OR3X1_LVT          saed32lvt_tt1p05v25c     2.287296       1     2.287296
XOR2X2_LVT         saed32lvt_tt1p05v25c     4.574592       2     9.149184
correlator                    177395.821684       1 177395.821684 b, h, n
decision_device                  38.375745       1     38.375745  h
firFeedbackNoMulti            40856.444059       1  40856.444059  b, h, n
-----------------------------------------------------------------------------
Total 46 references                                 218803.758228

****************************************
Design: correlator 
****************************************
Reference          Library       Unit Area   Count    Total Area   Attributes
-----------------------------------------------------------------------------
AND2X1_HVT         saed32hvt_tt1p05v25c     2.033152   15227 30958.807079
AND2X1_LVT         saed32lvt_tt1p05v25c     2.033152     417   847.824427
AND2X1_RVT         saed32rvt_tt1p05v25c     2.033152     279   567.249437
AND2X2_HVT         saed32hvt_tt1p05v25c     2.287296      85   194.420165
AND2X2_LVT         saed32lvt_tt1p05v25c     2.287296      40    91.491842
AND2X2_RVT         saed32rvt_tt1p05v25c     2.287296      75   171.547204
AND2X4_HVT         saed32hvt_tt1p05v25c     2.795584      21    58.707263
AND2X4_LVT         saed32lvt_tt1p05v25c     2.795584       1     2.795584
AND2X4_RVT         saed32rvt_tt1p05v25c     2.795584       8    22.364672
AND3X1_HVT         saed32hvt_tt1p05v25c     2.287296       1     2.287296
AND3X1_LVT         saed32lvt_tt1p05v25c     2.287296      48   109.790211
AND3X1_RVT         saed32rvt_tt1p05v25c     2.287296       6    13.723776
AND3X2_LVT         saed32lvt_tt1p05v25c     2.541440       5    12.707200
AND3X4_LVT         saed32lvt_tt1p05v25c     3.049728       1     3.049728
AND4X1_LVT         saed32lvt_tt1p05v25c     2.541440       4    10.165760
AO21X1_HVT         saed32hvt_tt1p05v25c     2.541440       2     5.082880
AO21X1_LVT         saed32lvt_tt1p05v25c     2.541440     103   261.768321
AO21X1_RVT         saed32rvt_tt1p05v25c     2.541440       4    10.165760
AO21X2_LVT         saed32lvt_tt1p05v25c     2.795584       4    11.182336
AO22X1_HVT         saed32hvt_tt1p05v25c     2.541440     124   315.138561
AO22X1_LVT         saed32lvt_tt1p05v25c     2.541440     209   531.160962
AO22X1_RVT         saed32rvt_tt1p05v25c     2.541440      30    76.243200
AO22X2_LVT         saed32lvt_tt1p05v25c     2.795584      12    33.547008
AOI21X1_HVT        saed32hvt_tt1p05v25c     3.049728       6    18.298368
AOI21X1_LVT        saed32lvt_tt1p05v25c     3.049728       7    21.348095
AOI21X1_RVT        saed32rvt_tt1p05v25c     3.049728       6    18.298368
AOI21X2_RVT        saed32rvt_tt1p05v25c     3.303872       1     3.303872
AOI22X1_LVT        saed32lvt_tt1p05v25c     3.049728       5    15.248640
AOI22X2_LVT        saed32lvt_tt1p05v25c     3.303872       3     9.911616
DFFSSRX1_HVT       saed32hvt_tt1p05v25c     7.370176       1     7.370176 n
DFFX1_HVT          saed32hvt_tt1p05v25c     6.607744   19232 127080.136780 n
DFFX1_RVT          saed32rvt_tt1p05v25c     6.607744       2    13.215488 n
DFFX2_HVT          saed32hvt_tt1p05v25c     7.624320     129   983.537284 n
DFFX2_LVT          saed32lvt_tt1p05v25c     7.116032       2    14.232064 n
DFFX2_RVT          saed32rvt_tt1p05v25c     7.116032       2    14.232064 n
FADDX1_HVT         saed32hvt_tt1p05v25c     4.828736      96   463.558640 r
FADDX1_LVT         saed32lvt_tt1p05v25c     4.828736     257  1240.985108 r
FADDX1_RVT         saed32rvt_tt1p05v25c     4.828736      80   386.298866 r
FADDX2_HVT         saed32hvt_tt1p05v25c     5.337024       3    16.011073 r
FADDX2_LVT         saed32lvt_tt1p05v25c     5.337024      23   122.751557 r
FADDX2_RVT         saed32rvt_tt1p05v25c     5.337024      27   144.099654 r
HADDX1_HVT         saed32hvt_tt1p05v25c     3.303872     124   409.680141 r
HADDX1_LVT         saed32lvt_tt1p05v25c     3.303872      32   105.723907 r
HADDX1_RVT         saed32rvt_tt1p05v25c     3.303872      23    75.989058 r
HADDX2_LVT         saed32lvt_tt1p05v25c     3.812160       1     3.812160 r
INVX1_HVT          saed32hvt_tt1p05v25c     1.270720     600   762.432003
INVX1_LVT          saed32lvt_tt1p05v25c     1.270720     131   166.464321
INVX1_RVT          saed32rvt_tt1p05v25c     1.270720     294   373.591681
INVX2_HVT          saed32hvt_tt1p05v25c     1.524864      30    45.745919
INVX2_LVT          saed32lvt_tt1p05v25c     1.524864      72   109.790205
INVX2_RVT          saed32rvt_tt1p05v25c     1.524864     134   204.331770
INVX4_HVT          saed32hvt_tt1p05v25c     2.033152       9    18.298369
INVX4_LVT          saed32lvt_tt1p05v25c     2.033152      30    60.994563
INVX4_RVT          saed32rvt_tt1p05v25c     2.033152      22    44.729346
INVX8_HVT          saed32hvt_tt1p05v25c     3.049728       2     6.099456
INVX8_LVT          saed32lvt_tt1p05v25c     3.049728      19    57.944830
INVX8_RVT          saed32rvt_tt1p05v25c     3.049728       3     9.149184
INVX16_LVT         saed32lvt_tt1p05v25c     5.082880       4    20.331520
INVX16_RVT         saed32rvt_tt1p05v25c     5.082880       2    10.165760
MUX21X1_LVT        saed32lvt_tt1p05v25c     3.303872       2     6.607744
MUX21X2_LVT        saed32lvt_tt1p05v25c     3.558016       1     3.558016
NAND2X0_HVT        saed32hvt_tt1p05v25c     1.524864      40    60.994558
NAND2X0_LVT        saed32lvt_tt1p05v25c     1.524864     248   378.166262
NAND2X0_RVT        saed32rvt_tt1p05v25c     1.524864     167   254.652281
NAND2X1_HVT        saed32hvt_tt1p05v25c     2.541440       4    10.165760
NAND2X1_LVT        saed32lvt_tt1p05v25c     2.541440       2     5.082880
NAND2X1_RVT        saed32rvt_tt1p05v25c     2.541440       2     5.082880
NAND2X2_HVT        saed32hvt_tt1p05v25c     2.795584       2     5.591168
NAND2X2_LVT        saed32lvt_tt1p05v25c     2.795584      30    83.867519
NAND2X2_RVT        saed32rvt_tt1p05v25c     2.795584       9    25.160256
NAND2X4_HVT        saed32hvt_tt1p05v25c     3.303872       1     3.303872
NAND2X4_LVT        saed32lvt_tt1p05v25c     3.303872      13    42.950337
NAND3X0_HVT        saed32hvt_tt1p05v25c     1.779008       1     1.779008
NAND3X0_LVT        saed32lvt_tt1p05v25c     1.779008     150   266.851205
NAND3X0_RVT        saed32rvt_tt1p05v25c     1.779008      54    96.066434
NAND3X1_LVT        saed32lvt_tt1p05v25c     2.795584       2     5.591168
NAND3X4_LVT        saed32lvt_tt1p05v25c     3.558016       1     3.558016
NAND4X0_LVT        saed32lvt_tt1p05v25c     2.033152      51   103.690757
NAND4X0_RVT        saed32rvt_tt1p05v25c     2.033152       7    14.232065
NAND4X1_LVT        saed32lvt_tt1p05v25c     3.049728       1     3.049728
NBUFFX2_HVT        saed32hvt_tt1p05v25c     2.033152     119   241.945100
NBUFFX2_LVT        saed32lvt_tt1p05v25c     2.033152      46    93.524997
NBUFFX2_RVT        saed32rvt_tt1p05v25c     2.033152      25    50.828803
NBUFFX4_HVT        saed32hvt_tt1p05v25c     2.541440      88   223.646721
NBUFFX4_LVT        saed32lvt_tt1p05v25c     2.541440       6    15.248640
NBUFFX4_RVT        saed32rvt_tt1p05v25c     2.541440      13    33.038720
NBUFFX8_HVT        saed32hvt_tt1p05v25c     3.812160     216   823.426563
NBUFFX8_LVT        saed32lvt_tt1p05v25c     3.812160      14    53.370240
NBUFFX8_RVT        saed32rvt_tt1p05v25c     3.812160      18    68.618880
NBUFFX16_LVT       saed32lvt_tt1p05v25c     6.099456      18   109.790205
NBUFFX16_RVT       saed32rvt_tt1p05v25c     6.099456      11    67.094014
NBUFFX32_HVT       saed32hvt_tt1p05v25c    10.674048      21   224.155017
NOR2X0_HVT         saed32hvt_tt1p05v25c     2.541440      12    30.497280
NOR2X0_LVT         saed32lvt_tt1p05v25c     2.541440      41   104.199040
NOR2X0_RVT         saed32rvt_tt1p05v25c     2.541440      46   116.906240
NOR2X2_LVT         saed32lvt_tt1p05v25c     2.795584       4    11.182336
NOR2X2_RVT         saed32rvt_tt1p05v25c     2.795584       4    11.182336
OA21X1_HVT         saed32hvt_tt1p05v25c     2.541440       4    10.165760
OA21X1_LVT         saed32lvt_tt1p05v25c     2.541440     159   404.088962
OA21X1_RVT         saed32rvt_tt1p05v25c     2.541440      26    66.077440
OA21X2_LVT         saed32lvt_tt1p05v25c     2.795584      23    64.298431
OA22X1_LVT         saed32lvt_tt1p05v25c     2.541440      24    60.994560
OA22X1_RVT         saed32rvt_tt1p05v25c     2.541440       8    20.331520
OA22X2_LVT         saed32lvt_tt1p05v25c     2.795584       8    22.364672
OAI21X1_HVT        saed32hvt_tt1p05v25c     3.049728       5    15.248640
OAI21X1_LVT        saed32lvt_tt1p05v25c     3.049728       2     6.099456
OAI21X1_RVT        saed32rvt_tt1p05v25c     3.049728       3     9.149184
OAI21X2_HVT        saed32hvt_tt1p05v25c     3.303872       2     6.607744
OAI21X2_LVT        saed32lvt_tt1p05v25c     3.303872       1     3.303872
OAI22X1_HVT        saed32hvt_tt1p05v25c     3.049728       1     3.049728
OAI22X1_LVT        saed32lvt_tt1p05v25c     3.049728      11    33.547007
OAI22X1_RVT        saed32rvt_tt1p05v25c     3.049728       2     6.099456
OAI22X2_LVT        saed32lvt_tt1p05v25c     3.303872       4    13.215488
OAI22X2_RVT        saed32rvt_tt1p05v25c     3.303872       1     3.303872
OR2X1_HVT          saed32hvt_tt1p05v25c     2.033152     121   246.011405
OR2X1_LVT          saed32lvt_tt1p05v25c     2.033152     238   483.890201
OR2X1_RVT          saed32rvt_tt1p05v25c     2.033152     125   254.144013
OR2X2_LVT          saed32lvt_tt1p05v25c     2.287296     115   263.039047
OR2X2_RVT          saed32rvt_tt1p05v25c     2.287296      42    96.066434
OR3X1_LVT          saed32lvt_tt1p05v25c     2.287296      25    57.182401
OR3X1_RVT          saed32rvt_tt1p05v25c     2.541440       5    12.707200
OR3X2_LVT          saed32lvt_tt1p05v25c     2.541440       2     5.082880
SNPS_CLOCK_GATE_HIGH_correlator     5.845312       1     5.845312 b, h
XNOR2X1_HVT        saed32hvt_tt1p05v25c     4.320448       8    34.563583
XNOR2X1_LVT        saed32lvt_tt1p05v25c     4.320448       3    12.961344
XNOR2X2_LVT        saed32lvt_tt1p05v25c     4.574592      24   109.790211
XNOR2X2_RVT        saed32rvt_tt1p05v25c     4.574592       9    41.171329
XNOR3X2_LVT        saed32lvt_tt1p05v25c     6.353600       1     6.353600
XOR2X1_HVT         saed32hvt_tt1p05v25c     4.320448      34   146.895229
XOR2X1_LVT         saed32lvt_tt1p05v25c     4.320448       1     4.320448
XOR2X1_RVT         saed32rvt_tt1p05v25c     4.320448       2     8.640896
XOR2X2_HVT         saed32hvt_tt1p05v25c     4.574592      15    68.618882
XOR2X2_LVT         saed32lvt_tt1p05v25c     4.574592      41   187.558277
XOR2X2_RVT         saed32rvt_tt1p05v25c     4.574592      12    54.895105
XOR3X1_LVT         saed32lvt_tt1p05v25c     7.116032      11    78.276353
XOR3X2_HVT         saed32hvt_tt1p05v25c     7.370176     127   936.012331
XOR3X2_LVT         saed32lvt_tt1p05v25c     7.370176     320  2358.456268
XOR3X2_RVT         saed32rvt_tt1p05v25c     7.370176      20   147.403517
-----------------------------------------------------------------------------
Total 138 references                                177395.821684

****************************************
Design: SNPS_CLOCK_GATE_HIGH_correlator 
****************************************
Reference          Library       Unit Area   Count    Total Area   Attributes
-----------------------------------------------------------------------------
CGLPPRX2_HVT       saed32hvt_tt1p05v25c     5.845312       1     5.845312 b
-----------------------------------------------------------------------------
Total 1 references                                      5.845312

****************************************
Design: decision_device 
****************************************
Reference          Library       Unit Area   Count    Total Area   Attributes
-----------------------------------------------------------------------------
AND2X1_LVT         saed32lvt_tt1p05v25c     2.033152       1     2.033152
AND2X2_LVT         saed32lvt_tt1p05v25c     2.287296       1     2.287296
INVX1_HVT          saed32hvt_tt1p05v25c     1.270720      14    17.790080
INVX1_RVT          saed32rvt_tt1p05v25c     1.270720       1     1.270720
INVX4_LVT          saed32lvt_tt1p05v25c     2.033152       2     4.066304
NBUFFX2_HVT        saed32hvt_tt1p05v25c     2.033152       1     2.033152
NBUFFX2_LVT        saed32lvt_tt1p05v25c     2.033152       1     2.033152
NBUFFX4_LVT        saed32lvt_tt1p05v25c     2.541440       1     2.541440
OR2X1_LVT          saed32lvt_tt1p05v25c     2.033152       1     2.033152
OR2X2_LVT          saed32lvt_tt1p05v25c     2.287296       1     2.287296
-----------------------------------------------------------------------------
Total 10 references                                    38.375745

****************************************
Design: firFeedbackNoMulti 
****************************************
Reference          Library       Unit Area   Count    Total Area   Attributes
-----------------------------------------------------------------------------
AND2X1_HVT         saed32hvt_tt1p05v25c     2.033152    1798  3655.607482
AND2X1_LVT         saed32lvt_tt1p05v25c     2.033152      49    99.624453
AND2X1_RVT         saed32rvt_tt1p05v25c     2.033152     164   333.436945
AND2X2_HVT         saed32hvt_tt1p05v25c     2.287296       9    20.585665
AND2X2_LVT         saed32lvt_tt1p05v25c     2.287296       2     4.574592
AND2X2_RVT         saed32rvt_tt1p05v25c     2.287296       6    13.723776
AND2X4_LVT         saed32lvt_tt1p05v25c     2.795584       5    13.977920
AND2X4_RVT         saed32rvt_tt1p05v25c     2.795584      22    61.502847
AND3X1_HVT         saed32hvt_tt1p05v25c     2.287296       9    20.585665
AND3X1_LVT         saed32lvt_tt1p05v25c     2.287296       6    13.723776
AND3X1_RVT         saed32rvt_tt1p05v25c     2.287296      44   100.641026
AND3X2_RVT         saed32rvt_tt1p05v25c     2.541440       3     7.624320
AND3X4_LVT         saed32lvt_tt1p05v25c     3.049728       1     3.049728
AND4X1_HVT         saed32hvt_tt1p05v25c     2.541440       3     7.624320
AND4X1_LVT         saed32lvt_tt1p05v25c     2.541440      15    38.121600
AND4X1_RVT         saed32rvt_tt1p05v25c     2.541440      55   139.779201
AND4X2_HVT         saed32hvt_tt1p05v25c     3.812160       3    11.436480
AND4X2_RVT         saed32rvt_tt1p05v25c     3.812160       4    15.248640
AND4X4_LVT         saed32lvt_tt1p05v25c     4.320448       1     4.320448
AO21X1_HVT         saed32hvt_tt1p05v25c     2.541440     102   259.226881
AO21X1_LVT         saed32lvt_tt1p05v25c     2.541440      85   216.022401
AO21X1_RVT         saed32rvt_tt1p05v25c     2.541440      76   193.149441
AO21X2_LVT         saed32lvt_tt1p05v25c     2.795584       5    13.977920
AO22X1_HVT         saed32hvt_tt1p05v25c     2.541440    1085  2757.462411
AO22X1_LVT         saed32lvt_tt1p05v25c     2.541440      22    55.911680
AO22X1_RVT         saed32rvt_tt1p05v25c     2.541440     463  1176.686725
AO22X2_HVT         saed32hvt_tt1p05v25c     2.795584       1     2.795584
AO22X2_RVT         saed32rvt_tt1p05v25c     2.795584       1     2.795584
AO222X1_HVT        saed32hvt_tt1p05v25c     3.303872     170   561.658258
AO222X1_LVT        saed32lvt_tt1p05v25c     3.303872      12    39.646465
AO222X1_RVT        saed32rvt_tt1p05v25c     3.303872     160   528.619537
AO222X2_HVT        saed32hvt_tt1p05v25c     3.558016       3    10.674048
AO222X2_RVT        saed32rvt_tt1p05v25c     3.558016       5    17.790080
AOI21X1_HVT        saed32hvt_tt1p05v25c     3.049728       5    15.248640
AOI21X1_LVT        saed32lvt_tt1p05v25c     3.049728      15    45.745919
AOI21X1_RVT        saed32rvt_tt1p05v25c     3.049728       6    18.298368
AOI21X2_HVT        saed32hvt_tt1p05v25c     3.303872       1     3.303872
AOI21X2_RVT        saed32rvt_tt1p05v25c     3.303872       1     3.303872
AOI22X1_HVT        saed32hvt_tt1p05v25c     3.049728      52   158.585852
AOI22X1_LVT        saed32lvt_tt1p05v25c     3.049728       4    12.198912
AOI22X1_RVT        saed32rvt_tt1p05v25c     3.049728      17    51.845375
AOI22X2_HVT        saed32hvt_tt1p05v25c     3.303872       1     3.303872
AOI22X2_RVT        saed32rvt_tt1p05v25c     3.303872       2     6.607744
AOI222X2_RVT       saed32rvt_tt1p05v25c     4.066304       1     4.066304
DFFSSRX1_LVT       saed32lvt_tt1p05v25c     7.370176       1     7.370176 n
DFFSSRX2_LVT       saed32lvt_tt1p05v25c     7.878464       2    15.756928 n
DFFX1_HVT          saed32hvt_tt1p05v25c     6.607744    1154  7625.336826 n
DFFX1_LVT          saed32lvt_tt1p05v25c     6.607744      24   158.585861 n
DFFX1_RVT          saed32rvt_tt1p05v25c     6.607744       7    46.254210 n
DFFX2_HVT          saed32hvt_tt1p05v25c     7.624320     410  3125.971212 n
DFFX2_LVT          saed32lvt_tt1p05v25c     7.116032      32   227.713028 n
DFFX2_RVT          saed32rvt_tt1p05v25c     7.116032      31   220.596996 n
FADDX1_LVT         saed32lvt_tt1p05v25c     4.828736      21   101.403452 r
FADDX1_RVT         saed32rvt_tt1p05v25c     4.828736       2     9.657472 r
HADDX1_LVT         saed32lvt_tt1p05v25c     3.303872       2     6.607744 r
IBUFFX16_RVT       saed32rvt_tt1p05v25c     6.607744       5    33.038721
INVX1_HVT          saed32hvt_tt1p05v25c     1.270720     578   734.476163
INVX1_LVT          saed32lvt_tt1p05v25c     1.270720      34    43.204480
INVX1_RVT          saed32rvt_tt1p05v25c     1.270720      99   125.801280
INVX2_HVT          saed32hvt_tt1p05v25c     1.524864      28    42.696191
INVX2_LVT          saed32lvt_tt1p05v25c     1.524864      17    25.922687
INVX2_RVT          saed32rvt_tt1p05v25c     1.524864      29    44.221055
INVX4_HVT          saed32hvt_tt1p05v25c     2.033152      32    65.060867
INVX4_LVT          saed32lvt_tt1p05v25c     2.033152      10    20.331521
INVX4_RVT          saed32rvt_tt1p05v25c     2.033152      63   128.088583
INVX8_HVT          saed32hvt_tt1p05v25c     3.049728      10    30.497279
INVX8_LVT          saed32lvt_tt1p05v25c     3.049728       5    15.248640
INVX8_RVT          saed32rvt_tt1p05v25c     3.049728      51   155.536124
INVX16_RVT         saed32rvt_tt1p05v25c     5.082880       7    35.580160
MUX21X1_HVT        saed32hvt_tt1p05v25c     3.303872       9    29.734849
NAND2X0_HVT        saed32hvt_tt1p05v25c     1.524864     169   257.702009
NAND2X0_LVT        saed32lvt_tt1p05v25c     1.524864      54    82.342654
NAND2X0_RVT        saed32rvt_tt1p05v25c     1.524864     253   385.790581
NAND2X1_HVT        saed32hvt_tt1p05v25c     2.541440       6    15.248640
NAND2X1_RVT        saed32rvt_tt1p05v25c     2.541440       1     2.541440
NAND2X2_HVT        saed32hvt_tt1p05v25c     2.795584       2     5.591168
NAND2X2_LVT        saed32lvt_tt1p05v25c     2.795584       1     2.795584
NAND2X2_RVT        saed32rvt_tt1p05v25c     2.795584       7    19.569088
NAND2X4_HVT        saed32hvt_tt1p05v25c     3.303872       6    19.823233
NAND2X4_LVT        saed32lvt_tt1p05v25c     3.303872       3     9.911616
NAND2X4_RVT        saed32rvt_tt1p05v25c     3.303872       4    13.215488
NAND3X0_HVT        saed32hvt_tt1p05v25c     1.779008      34    60.486273
NAND3X0_LVT        saed32lvt_tt1p05v25c     1.779008      48    85.392385
NAND3X0_RVT        saed32rvt_tt1p05v25c     1.779008     118   209.922948
NAND3X1_HVT        saed32hvt_tt1p05v25c     2.795584       3     8.386752
NAND3X1_LVT        saed32lvt_tt1p05v25c     2.795584       1     2.795584
NAND3X2_HVT        saed32hvt_tt1p05v25c     3.049728       1     3.049728
NAND3X2_LVT        saed32lvt_tt1p05v25c     3.049728       1     3.049728
NAND3X2_RVT        saed32rvt_tt1p05v25c     3.049728       2     6.099456
NAND3X4_LVT        saed32lvt_tt1p05v25c     3.558016       1     3.558016
NAND4X0_LVT        saed32lvt_tt1p05v25c     2.033152      58   117.922822
NAND4X0_RVT        saed32rvt_tt1p05v25c     2.033152      54   109.790214
NAND4X1_HVT        saed32hvt_tt1p05v25c     3.049728       5    15.248640
NAND4X1_LVT        saed32lvt_tt1p05v25c     3.049728       4    12.198912
NAND4X1_RVT        saed32rvt_tt1p05v25c     3.049728       2     6.099456
NBUFFX2_HVT        saed32hvt_tt1p05v25c     2.033152      29    58.961411
NBUFFX2_LVT        saed32lvt_tt1p05v25c     2.033152       2     4.066304
NBUFFX2_RVT        saed32rvt_tt1p05v25c     2.033152       3     6.099456
NBUFFX4_HVT        saed32hvt_tt1p05v25c     2.541440      35    88.950400
NBUFFX4_LVT        saed32lvt_tt1p05v25c     2.541440       2     5.082880
NBUFFX4_RVT        saed32rvt_tt1p05v25c     2.541440       5    12.707200
NBUFFX8_HVT        saed32hvt_tt1p05v25c     3.812160      43   163.922881
NBUFFX8_LVT        saed32lvt_tt1p05v25c     3.812160       4    15.248640
NBUFFX8_RVT        saed32rvt_tt1p05v25c     3.812160      10    38.121600
NBUFFX16_RVT       saed32rvt_tt1p05v25c     6.099456       2    12.198912
NBUFFX32_HVT       saed32hvt_tt1p05v25c    10.674048       2    21.348097
NOR2X0_HVT         saed32hvt_tt1p05v25c     2.541440       4    10.165760
NOR2X0_LVT         saed32lvt_tt1p05v25c     2.541440      22    55.911680
NOR2X0_RVT         saed32rvt_tt1p05v25c     2.541440       6    15.248640
NOR2X2_HVT         saed32hvt_tt1p05v25c     2.795584       3     8.386752
NOR2X2_RVT         saed32rvt_tt1p05v25c     2.795584       2     5.591168
NOR2X4_LVT         saed32lvt_tt1p05v25c     3.303872       1     3.303872
NOR3X0_HVT         saed32hvt_tt1p05v25c     2.795584       4    11.182336
NOR3X0_LVT         saed32lvt_tt1p05v25c     2.795584       2     5.591168
NOR3X0_RVT         saed32rvt_tt1p05v25c     2.795584       9    25.160256
NOR3X2_HVT         saed32hvt_tt1p05v25c     3.049728       1     3.049728
NOR3X2_RVT         saed32rvt_tt1p05v25c     3.049728       1     3.049728
NOR3X4_LVT         saed32lvt_tt1p05v25c     3.558016       1     3.558016
NOR4X0_HVT         saed32hvt_tt1p05v25c     3.049728      35   106.740477
NOR4X0_LVT         saed32lvt_tt1p05v25c     3.049728      41   125.038845
NOR4X0_RVT         saed32rvt_tt1p05v25c     3.049728      92   280.574968
OA21X1_HVT         saed32hvt_tt1p05v25c     2.541440     116   294.807041
OA21X1_LVT         saed32lvt_tt1p05v25c     2.541440      31    78.784640
OA21X1_RVT         saed32rvt_tt1p05v25c     2.541440     230   584.531202
OA21X2_HVT         saed32hvt_tt1p05v25c     2.795584       2     5.591168
OA21X2_LVT         saed32lvt_tt1p05v25c     2.795584       3     8.386752
OA22X1_HVT         saed32hvt_tt1p05v25c     2.541440     166   421.879042
OA22X1_LVT         saed32lvt_tt1p05v25c     2.541440       8    20.331520
OA22X1_RVT         saed32rvt_tt1p05v25c     2.541440     104   264.309761
OA22X2_HVT         saed32hvt_tt1p05v25c     2.795584       3     8.386752
OA222X1_HVT        saed32hvt_tt1p05v25c     3.303872      10    33.038721
OA222X1_RVT        saed32rvt_tt1p05v25c     3.303872      16    52.861954
OA222X2_HVT        saed32hvt_tt1p05v25c     3.558016       2     7.116032
OA222X2_RVT        saed32rvt_tt1p05v25c     3.558016       2     7.116032
OAI21X1_HVT        saed32hvt_tt1p05v25c     3.049728       7    21.348095
OAI21X1_LVT        saed32lvt_tt1p05v25c     3.049728       2     6.099456
OAI21X1_RVT        saed32rvt_tt1p05v25c     3.049728       4    12.198912
OAI21X2_LVT        saed32lvt_tt1p05v25c     3.303872       5    16.519361
OAI222X1_HVT       saed32hvt_tt1p05v25c     3.812160       1     3.812160
OAI222X1_RVT       saed32rvt_tt1p05v25c     3.812160       1     3.812160
OR2X1_HVT          saed32hvt_tt1p05v25c     2.033152     189   384.265748
OR2X1_LVT          saed32lvt_tt1p05v25c     2.033152      26    52.861955
OR2X1_RVT          saed32rvt_tt1p05v25c     2.033152     120   243.978252
OR2X2_HVT          saed32hvt_tt1p05v25c     2.287296      78   178.409092
OR2X2_LVT          saed32lvt_tt1p05v25c     2.287296      24    54.895105
OR2X2_RVT          saed32rvt_tt1p05v25c     2.287296      89   203.569349
OR2X4_HVT          saed32hvt_tt1p05v25c     2.795584      12    33.547008
OR2X4_LVT          saed32lvt_tt1p05v25c     2.795584      12    33.547008
OR2X4_RVT          saed32rvt_tt1p05v25c     2.795584      22    61.502847
OR3X1_HVT          saed32hvt_tt1p05v25c     2.287296      41    93.779138
OR3X1_LVT          saed32lvt_tt1p05v25c     2.287296      13    29.734849
OR3X1_RVT          saed32rvt_tt1p05v25c     2.541440      33    83.867520
OR3X2_HVT          saed32hvt_tt1p05v25c     2.541440       8    20.331520
OR3X2_LVT          saed32lvt_tt1p05v25c     2.541440       2     5.082880
OR3X2_RVT          saed32rvt_tt1p05v25c     2.541440      14    35.580160
OR4X1_LVT          saed32lvt_tt1p05v25c     3.558016       2     7.116032
OR4X1_RVT          saed32rvt_tt1p05v25c     3.558016       2     7.116032
SNPS_CLOCK_GATE_HIGH_firFeedbackNoMulti_0_1     5.845312       1     5.845312 b, h
SNPS_CLOCK_GATE_HIGH_firFeedbackNoMulti_1_2     5.845312       1     5.845312 b, h
SNPS_CLOCK_GATE_HIGH_firFeedbackNoMulti_2_3     5.845312       1     5.845312 b, h
SimpMulti_3                    3755.994139       1   3755.994139  h
SimpMulti_4                    3520.148505       1   3520.148505  h
SimpMulti_5                    3645.949785       1   3645.949785  h
XNOR2X1_LVT        saed32lvt_tt1p05v25c     4.320448       2     8.640896
XNOR2X1_RVT        saed32rvt_tt1p05v25c     4.320448       3    12.961344
XNOR2X2_LVT        saed32lvt_tt1p05v25c     4.574592       9    41.171329
XNOR2X2_RVT        saed32rvt_tt1p05v25c     4.574592       3    13.723776
XOR2X1_LVT         saed32lvt_tt1p05v25c     4.320448       3    12.961344
XOR2X1_RVT         saed32rvt_tt1p05v25c     4.320448       1     4.320448
XOR2X2_LVT         saed32lvt_tt1p05v25c     4.574592       9    41.171329
XOR2X2_RVT         saed32rvt_tt1p05v25c     4.574592       4    18.298368
XOR3X2_LVT         saed32lvt_tt1p05v25c     7.370176       3    22.110528
XOR3X2_RVT         saed32rvt_tt1p05v25c     7.370176       2    14.740352
-----------------------------------------------------------------------------
Total 173 references                                40856.444059

****************************************
Design: SNPS_CLOCK_GATE_HIGH_firFeedbackNoMulti_0_1 
****************************************
Reference          Library       Unit Area   Count    Total Area   Attributes
-----------------------------------------------------------------------------
CGLPPRX2_HVT       saed32hvt_tt1p05v25c     5.845312       1     5.845312 b
-----------------------------------------------------------------------------
Total 1 references                                      5.845312

****************************************
Design: SNPS_CLOCK_GATE_HIGH_firFeedbackNoMulti_1_2 
****************************************
Reference          Library       Unit Area   Count    Total Area   Attributes
-----------------------------------------------------------------------------
CGLPPRX2_HVT       saed32hvt_tt1p05v25c     5.845312       1     5.845312 b
-----------------------------------------------------------------------------
Total 1 references                                      5.845312

****************************************
Design: SNPS_CLOCK_GATE_HIGH_firFeedbackNoMulti_2_3 
****************************************
Reference          Library       Unit Area   Count    Total Area   Attributes
-----------------------------------------------------------------------------
CGLPPRX2_HVT       saed32hvt_tt1p05v25c     5.845312       1     5.845312 b
-----------------------------------------------------------------------------
Total 1 references                                      5.845312

****************************************
Design: SimpMulti_3 
****************************************
Reference          Library       Unit Area   Count    Total Area   Attributes
-----------------------------------------------------------------------------
AND2X1_HVT         saed32hvt_tt1p05v25c     2.033152      15    30.497282
AND2X1_RVT         saed32rvt_tt1p05v25c     2.033152       4     8.132608
AND2X2_HVT         saed32hvt_tt1p05v25c     2.287296       1     2.287296
AND2X4_LVT         saed32lvt_tt1p05v25c     2.795584       4    11.182336
AND3X1_LVT         saed32lvt_tt1p05v25c     2.287296       2     4.574592
AND4X1_LVT         saed32lvt_tt1p05v25c     2.541440       1     2.541440
AO21X1_HVT         saed32hvt_tt1p05v25c     2.541440       7    17.790080
AO21X1_LVT         saed32lvt_tt1p05v25c     2.541440       2     5.082880
AO21X1_RVT         saed32rvt_tt1p05v25c     2.541440       3     7.624320
AO22X1_LVT         saed32lvt_tt1p05v25c     2.541440       4    10.165760
AO22X1_RVT         saed32rvt_tt1p05v25c     2.541440       5    12.707200
AOI21X1_HVT        saed32hvt_tt1p05v25c     3.049728       6    18.298368
AOI21X1_LVT        saed32lvt_tt1p05v25c     3.049728       7    21.348095
AOI21X1_RVT        saed32rvt_tt1p05v25c     3.049728      38   115.889661
AOI21X2_HVT        saed32hvt_tt1p05v25c     3.303872       1     3.303872
AOI21X2_RVT        saed32rvt_tt1p05v25c     3.303872       5    16.519361
AOI22X1_HVT        saed32hvt_tt1p05v25c     3.049728       1     3.049728
AOI22X1_LVT        saed32lvt_tt1p05v25c     3.049728      13    39.646463
AOI22X1_RVT        saed32rvt_tt1p05v25c     3.049728      21    64.044286
AOI22X2_RVT        saed32rvt_tt1p05v25c     3.303872      10    33.038721
FADDX1_HVT         saed32hvt_tt1p05v25c     4.828736       3    14.486207 r
FADDX1_LVT         saed32lvt_tt1p05v25c     4.828736      39   188.320697 r
FADDX1_RVT         saed32rvt_tt1p05v25c     4.828736     168   811.227619 r
FADDX2_LVT         saed32lvt_tt1p05v25c     5.337024      14    74.718339 r
FADDX2_RVT         saed32rvt_tt1p05v25c     5.337024       2    10.674048 r
HADDX1_HVT         saed32hvt_tt1p05v25c     3.303872      10    33.038721 r
HADDX1_LVT         saed32lvt_tt1p05v25c     3.303872      10    33.038721 r
HADDX1_RVT         saed32rvt_tt1p05v25c     3.303872       6    19.823233 r
HADDX2_LVT         saed32lvt_tt1p05v25c     3.812160       2     7.624320 r
INVX1_HVT          saed32hvt_tt1p05v25c     1.270720     137   174.088641
INVX1_LVT          saed32lvt_tt1p05v25c     1.270720       2     2.541440
INVX1_RVT          saed32rvt_tt1p05v25c     1.270720      20    25.414400
INVX2_HVT          saed32hvt_tt1p05v25c     1.524864      10    15.248640
INVX2_LVT          saed32lvt_tt1p05v25c     1.524864       5     7.624320
INVX2_RVT          saed32rvt_tt1p05v25c     1.524864      21    32.022143
INVX4_LVT          saed32lvt_tt1p05v25c     2.033152       1     2.033152
INVX4_RVT          saed32rvt_tt1p05v25c     2.033152       6    12.198913
INVX8_LVT          saed32lvt_tt1p05v25c     3.049728       2     6.099456
INVX8_RVT          saed32rvt_tt1p05v25c     3.049728       2     6.099456
NAND2X0_HVT        saed32hvt_tt1p05v25c     1.524864      58    88.442110
NAND2X0_LVT        saed32lvt_tt1p05v25c     1.524864       3     4.574592
NAND2X0_RVT        saed32rvt_tt1p05v25c     1.524864     220   335.470071
NAND2X1_RVT        saed32rvt_tt1p05v25c     2.541440       7    17.790080
NAND3X0_LVT        saed32lvt_tt1p05v25c     1.779008       2     3.558016
NAND3X0_RVT        saed32rvt_tt1p05v25c     1.779008       1     1.779008
NAND4X0_LVT        saed32lvt_tt1p05v25c     2.033152      10    20.331521
NAND4X0_RVT        saed32rvt_tt1p05v25c     2.033152       2     4.066304
NAND4X1_HVT        saed32hvt_tt1p05v25c     3.049728       1     3.049728
NAND4X1_LVT        saed32lvt_tt1p05v25c     3.049728      11    33.547007
NAND4X1_RVT        saed32rvt_tt1p05v25c     3.049728       5    15.248640
NBUFFX2_HVT        saed32hvt_tt1p05v25c     2.033152      12    24.397825
NBUFFX4_HVT        saed32hvt_tt1p05v25c     2.541440      13    33.038720
NBUFFX4_RVT        saed32rvt_tt1p05v25c     2.541440       1     2.541440
NOR2X0_HVT         saed32hvt_tt1p05v25c     2.541440      31    78.784640
NOR2X0_LVT         saed32lvt_tt1p05v25c     2.541440       8    20.331520
NOR2X0_RVT         saed32rvt_tt1p05v25c     2.541440      64   162.652161
NOR2X2_HVT         saed32hvt_tt1p05v25c     2.795584      10    27.955840
NOR2X2_RVT         saed32rvt_tt1p05v25c     2.795584      12    33.547008
OA21X1_LVT         saed32lvt_tt1p05v25c     2.541440       3     7.624320
OA21X1_RVT         saed32rvt_tt1p05v25c     2.541440       4    10.165760
OA22X1_HVT         saed32hvt_tt1p05v25c     2.541440       4    10.165760
OA22X1_RVT         saed32rvt_tt1p05v25c     2.541440      11    27.955840
OAI21X1_HVT        saed32hvt_tt1p05v25c     3.049728       6    18.298368
OAI21X1_LVT        saed32lvt_tt1p05v25c     3.049728      17    51.845375
OAI21X1_RVT        saed32rvt_tt1p05v25c     3.049728      39   118.939389
OAI21X2_HVT        saed32hvt_tt1p05v25c     3.303872       2     6.607744
OAI21X2_LVT        saed32lvt_tt1p05v25c     3.303872       8    26.430977
OAI21X2_RVT        saed32rvt_tt1p05v25c     3.303872      11    36.342593
OR2X1_HVT          saed32hvt_tt1p05v25c     2.033152      22    44.729346
OR2X1_RVT          saed32rvt_tt1p05v25c     2.033152      12    24.397825
OR2X2_HVT          saed32hvt_tt1p05v25c     2.287296       7    16.011072
OR2X2_LVT          saed32lvt_tt1p05v25c     2.287296       1     2.287296
OR2X4_LVT          saed32lvt_tt1p05v25c     2.795584       1     2.795584
OR3X1_LVT          saed32lvt_tt1p05v25c     2.287296       1     2.287296
OR3X2_RVT          saed32rvt_tt1p05v25c     2.541440       1     2.541440
XNOR2X1_HVT        saed32hvt_tt1p05v25c     4.320448      12    51.845375
XNOR2X1_RVT        saed32rvt_tt1p05v25c     4.320448       5    21.602240
XNOR2X2_HVT        saed32hvt_tt1p05v25c     4.574592      10    45.745921
XNOR2X2_LVT        saed32lvt_tt1p05v25c     4.574592       5    22.872961
XNOR2X2_RVT        saed32rvt_tt1p05v25c     4.574592      19    86.917250
XOR2X1_HVT         saed32hvt_tt1p05v25c     4.320448      12    51.845375
XOR2X1_LVT         saed32lvt_tt1p05v25c     4.320448       1     4.320448
XOR2X1_RVT         saed32rvt_tt1p05v25c     4.320448       4    17.281792
XOR2X2_HVT         saed32hvt_tt1p05v25c     4.574592      15    68.618882
XOR2X2_LVT         saed32lvt_tt1p05v25c     4.574592       7    32.022145
XOR2X2_RVT         saed32rvt_tt1p05v25c     4.574592      20    91.491842
XOR3X2_RVT         saed32rvt_tt1p05v25c     7.370176       5    36.850879
-----------------------------------------------------------------------------
Total 87 references                                  3755.994139

****************************************
Design: SimpMulti_4 
****************************************
Reference          Library       Unit Area   Count    Total Area   Attributes
-----------------------------------------------------------------------------
AND2X1_HVT         saed32hvt_tt1p05v25c     2.033152       9    18.298369
AND2X1_LVT         saed32lvt_tt1p05v25c     2.033152       1     2.033152
AND2X1_RVT         saed32rvt_tt1p05v25c     2.033152       5    10.165761
AND2X4_LVT         saed32lvt_tt1p05v25c     2.795584       4    11.182336
AO21X1_HVT         saed32hvt_tt1p05v25c     2.541440       6    15.248640
AO21X1_LVT         saed32lvt_tt1p05v25c     2.541440       2     5.082880
AO21X1_RVT         saed32rvt_tt1p05v25c     2.541440       6    15.248640
AO21X2_RVT         saed32rvt_tt1p05v25c     2.795584       1     2.795584
AO22X1_RVT         saed32rvt_tt1p05v25c     2.541440       2     5.082880
AOI21X1_HVT        saed32hvt_tt1p05v25c     3.049728       6    18.298368
AOI21X1_LVT        saed32lvt_tt1p05v25c     3.049728       9    27.447551
AOI21X1_RVT        saed32rvt_tt1p05v25c     3.049728      42   128.088573
AOI21X2_RVT        saed32rvt_tt1p05v25c     3.303872       1     3.303872
AOI22X1_HVT        saed32hvt_tt1p05v25c     3.049728       5    15.248640
AOI22X1_LVT        saed32lvt_tt1p05v25c     3.049728       2     6.099456
AOI22X1_RVT        saed32rvt_tt1p05v25c     3.049728      40   121.989117
FADDX1_HVT         saed32hvt_tt1p05v25c     4.828736      13    62.773566 r
FADDX1_LVT         saed32lvt_tt1p05v25c     4.828736      84   405.613810 r
FADDX1_RVT         saed32rvt_tt1p05v25c     4.828736     118   569.790828 r
FADDX2_LVT         saed32lvt_tt1p05v25c     5.337024      28   149.436678 r
FADDX2_RVT         saed32rvt_tt1p05v25c     5.337024       3    16.011073 r
HADDX1_HVT         saed32hvt_tt1p05v25c     3.303872      12    39.646465 r
HADDX1_LVT         saed32lvt_tt1p05v25c     3.303872      11    36.342593 r
HADDX1_RVT         saed32rvt_tt1p05v25c     3.303872       7    23.127105 r
INVX1_HVT          saed32hvt_tt1p05v25c     1.270720     121   153.757121
INVX1_LVT          saed32lvt_tt1p05v25c     1.270720       1     1.270720
INVX1_RVT          saed32rvt_tt1p05v25c     1.270720      20    25.414400
INVX2_HVT          saed32hvt_tt1p05v25c     1.524864      17    25.922687
INVX2_LVT          saed32lvt_tt1p05v25c     1.524864       4     6.099456
INVX2_RVT          saed32rvt_tt1p05v25c     1.524864      17    25.922687
INVX4_HVT          saed32hvt_tt1p05v25c     2.033152       1     2.033152
INVX4_LVT          saed32lvt_tt1p05v25c     2.033152       2     4.066304
INVX4_RVT          saed32rvt_tt1p05v25c     2.033152       2     4.066304
INVX8_LVT          saed32lvt_tt1p05v25c     3.049728       1     3.049728
INVX8_RVT          saed32rvt_tt1p05v25c     3.049728       3     9.149184
NAND2X0_HVT        saed32hvt_tt1p05v25c     1.524864      62    94.541565
NAND2X0_LVT        saed32lvt_tt1p05v25c     1.524864       4     6.099456
NAND2X0_RVT        saed32rvt_tt1p05v25c     1.524864     198   301.923064
NAND2X1_RVT        saed32rvt_tt1p05v25c     2.541440       3     7.624320
NAND3X0_LVT        saed32lvt_tt1p05v25c     1.779008       1     1.779008
NAND3X0_RVT        saed32rvt_tt1p05v25c     1.779008       3     5.337024
NAND4X0_LVT        saed32lvt_tt1p05v25c     2.033152      16    32.530434
NAND4X1_HVT        saed32hvt_tt1p05v25c     3.049728       2     6.099456
NAND4X1_LVT        saed32lvt_tt1p05v25c     3.049728       3     9.149184
NAND4X1_RVT        saed32rvt_tt1p05v25c     3.049728       8    24.397823
NBUFFX2_HVT        saed32hvt_tt1p05v25c     2.033152       1     2.033152
NBUFFX4_HVT        saed32hvt_tt1p05v25c     2.541440       1     2.541440
NBUFFX8_RVT        saed32rvt_tt1p05v25c     3.812160       1     3.812160
NOR2X0_HVT         saed32hvt_tt1p05v25c     2.541440      14    35.580160
NOR2X0_LVT         saed32lvt_tt1p05v25c     2.541440       3     7.624320
NOR2X0_RVT         saed32rvt_tt1p05v25c     2.541440      69   175.359361
NOR2X2_HVT         saed32hvt_tt1p05v25c     2.795584       4    11.182336
NOR2X2_RVT         saed32rvt_tt1p05v25c     2.795584      18    50.320511
OA21X1_LVT         saed32lvt_tt1p05v25c     2.541440       4    10.165760
OA21X1_RVT         saed32rvt_tt1p05v25c     2.541440       1     2.541440
OA22X1_HVT         saed32hvt_tt1p05v25c     2.541440       8    20.331520
OA22X1_RVT         saed32rvt_tt1p05v25c     2.541440       6    15.248640
OAI21X1_HVT        saed32hvt_tt1p05v25c     3.049728       4    12.198912
OAI21X1_LVT        saed32lvt_tt1p05v25c     3.049728       8    24.397823
OAI21X1_RVT        saed32rvt_tt1p05v25c     3.049728      39   118.939389
OAI21X2_HVT        saed32hvt_tt1p05v25c     3.303872       2     6.607744
OAI21X2_LVT        saed32lvt_tt1p05v25c     3.303872       5    16.519361
OAI21X2_RVT        saed32rvt_tt1p05v25c     3.303872      13    42.950337
OR2X1_HVT          saed32hvt_tt1p05v25c     2.033152      16    32.530434
OR2X1_LVT          saed32lvt_tt1p05v25c     2.033152       1     2.033152
OR2X1_RVT          saed32rvt_tt1p05v25c     2.033152       5    10.165761
OR2X2_HVT          saed32hvt_tt1p05v25c     2.287296       8    18.298368
OR2X4_LVT          saed32lvt_tt1p05v25c     2.795584       1     2.795584
OR2X4_RVT          saed32rvt_tt1p05v25c     2.795584       1     2.795584
OR3X1_RVT          saed32rvt_tt1p05v25c     2.541440       1     2.541440
XNOR2X1_HVT        saed32hvt_tt1p05v25c     4.320448       7    30.243135
XNOR2X1_RVT        saed32rvt_tt1p05v25c     4.320448       4    17.281792
XNOR2X2_HVT        saed32hvt_tt1p05v25c     4.574592       9    41.171329
XNOR2X2_LVT        saed32lvt_tt1p05v25c     4.574592       2     9.149184
XNOR2X2_RVT        saed32rvt_tt1p05v25c     4.574592      20    91.491842
XOR2X1_HVT         saed32hvt_tt1p05v25c     4.320448      12    51.845375
XOR2X1_LVT         saed32lvt_tt1p05v25c     4.320448       1     4.320448
XOR2X1_RVT         saed32rvt_tt1p05v25c     4.320448       4    17.281792
XOR2X2_HVT         saed32hvt_tt1p05v25c     4.574592      14    64.044290
XOR2X2_LVT         saed32lvt_tt1p05v25c     4.574592      11    50.320513
XOR2X2_RVT         saed32rvt_tt1p05v25c     4.574592      12    54.895105
-----------------------------------------------------------------------------
Total 81 references                                  3520.148505

****************************************
Design: SimpMulti_5 
****************************************
Reference          Library       Unit Area   Count    Total Area   Attributes
-----------------------------------------------------------------------------
AND2X1_HVT         saed32hvt_tt1p05v25c     2.033152      11    22.364673
AND2X1_RVT         saed32rvt_tt1p05v25c     2.033152       2     4.066304
AND2X4_LVT         saed32lvt_tt1p05v25c     2.795584       2     5.591168
AO21X1_HVT         saed32hvt_tt1p05v25c     2.541440       6    15.248640
AO21X1_RVT         saed32rvt_tt1p05v25c     2.541440       5    12.707200
AOI21X1_HVT        saed32hvt_tt1p05v25c     3.049728       6    18.298368
AOI21X1_LVT        saed32lvt_tt1p05v25c     3.049728       9    27.447551
AOI21X1_RVT        saed32rvt_tt1p05v25c     3.049728      42   128.088573
AOI21X2_HVT        saed32hvt_tt1p05v25c     3.303872       1     3.303872
AOI21X2_RVT        saed32rvt_tt1p05v25c     3.303872       3     9.911616
AOI22X1_HVT        saed32hvt_tt1p05v25c     3.049728       4    12.198912
AOI22X1_LVT        saed32lvt_tt1p05v25c     3.049728       1     3.049728
AOI22X1_RVT        saed32rvt_tt1p05v25c     3.049728      13    39.646463
FADDX1_HVT         saed32hvt_tt1p05v25c     4.828736       4    19.314943 r
FADDX1_LVT         saed32lvt_tt1p05v25c     4.828736      87   420.100017 r
FADDX1_RVT         saed32rvt_tt1p05v25c     4.828736     131   632.564394 r
FADDX2_LVT         saed32lvt_tt1p05v25c     5.337024      21   112.077508 r
FADDX2_RVT         saed32rvt_tt1p05v25c     5.337024       1     5.337024 r
HADDX1_HVT         saed32hvt_tt1p05v25c     3.303872       7    23.127105 r
HADDX1_LVT         saed32lvt_tt1p05v25c     3.303872       8    26.430977 r
HADDX1_RVT         saed32rvt_tt1p05v25c     3.303872      15    49.558082 r
INVX1_HVT          saed32hvt_tt1p05v25c     1.270720     160   203.315201
INVX1_LVT          saed32lvt_tt1p05v25c     1.270720       1     1.270720
INVX1_RVT          saed32rvt_tt1p05v25c     1.270720      27    34.309440
INVX2_HVT          saed32hvt_tt1p05v25c     1.524864      14    21.348095
INVX2_LVT          saed32lvt_tt1p05v25c     1.524864       3     4.574592
INVX2_RVT          saed32rvt_tt1p05v25c     1.524864      18    27.447551
INVX4_HVT          saed32hvt_tt1p05v25c     2.033152       2     4.066304
INVX4_LVT          saed32lvt_tt1p05v25c     2.033152       1     2.033152
INVX4_RVT          saed32rvt_tt1p05v25c     2.033152       9    18.298369
INVX8_LVT          saed32lvt_tt1p05v25c     3.049728       1     3.049728
INVX8_RVT          saed32rvt_tt1p05v25c     3.049728       1     3.049728
NAND2X0_HVT        saed32hvt_tt1p05v25c     1.524864      39    59.469694
NAND2X0_LVT        saed32lvt_tt1p05v25c     1.524864       1     1.524864
NAND2X0_RVT        saed32rvt_tt1p05v25c     1.524864     231   352.243574
NAND2X4_RVT        saed32rvt_tt1p05v25c     3.303872       1     3.303872
NAND3X0_LVT        saed32lvt_tt1p05v25c     1.779008       1     1.779008
NAND3X0_RVT        saed32rvt_tt1p05v25c     1.779008       1     1.779008
NAND4X0_LVT        saed32lvt_tt1p05v25c     2.033152      15    30.497282
NAND4X1_HVT        saed32hvt_tt1p05v25c     3.049728       3     9.149184
NAND4X1_RVT        saed32rvt_tt1p05v25c     3.049728      13    39.646463
NBUFFX2_HVT        saed32hvt_tt1p05v25c     2.033152       5    10.165761
NBUFFX4_HVT        saed32hvt_tt1p05v25c     2.541440      13    33.038720
NBUFFX8_HVT        saed32hvt_tt1p05v25c     3.812160       3    11.436480
NOR2X0_HVT         saed32hvt_tt1p05v25c     2.541440      21    53.370240
NOR2X0_LVT         saed32lvt_tt1p05v25c     2.541440       7    17.790080
NOR2X0_RVT         saed32rvt_tt1p05v25c     2.541440      76   193.149441
NOR2X2_HVT         saed32hvt_tt1p05v25c     2.795584       4    11.182336
NOR2X2_RVT         saed32rvt_tt1p05v25c     2.795584      14    39.138175
OA21X1_RVT         saed32rvt_tt1p05v25c     2.541440       2     5.082880
OA21X2_RVT         saed32rvt_tt1p05v25c     2.795584       1     2.795584
OA22X1_HVT         saed32hvt_tt1p05v25c     2.541440      12    30.497280
OA22X1_LVT         saed32lvt_tt1p05v25c     2.541440       1     2.541440
OA22X1_RVT         saed32rvt_tt1p05v25c     2.541440      32    81.326080
OAI21X1_HVT        saed32hvt_tt1p05v25c     3.049728       7    21.348095
OAI21X1_LVT        saed32lvt_tt1p05v25c     3.049728      12    36.596735
OAI21X1_RVT        saed32rvt_tt1p05v25c     3.049728      38   115.889661
OAI21X2_LVT        saed32lvt_tt1p05v25c     3.303872       2     6.607744
OAI21X2_RVT        saed32rvt_tt1p05v25c     3.303872      19    62.773570
OR2X1_HVT          saed32hvt_tt1p05v25c     2.033152      15    30.497282
OR2X1_RVT          saed32rvt_tt1p05v25c     2.033152       3     6.099456
OR2X2_HVT          saed32hvt_tt1p05v25c     2.287296       4     9.149184
OR2X4_LVT          saed32lvt_tt1p05v25c     2.795584       2     5.591168
OR2X4_RVT          saed32rvt_tt1p05v25c     2.795584       1     2.795584
XNOR2X1_HVT        saed32hvt_tt1p05v25c     4.320448       8    34.563583
XNOR2X1_LVT        saed32lvt_tt1p05v25c     4.320448       1     4.320448
XNOR2X1_RVT        saed32rvt_tt1p05v25c     4.320448       6    25.922688
XNOR2X2_HVT        saed32hvt_tt1p05v25c     4.574592      13    59.469697
XNOR2X2_RVT        saed32rvt_tt1p05v25c     4.574592      13    59.469697
XOR2X1_HVT         saed32hvt_tt1p05v25c     4.320448      10    43.204479
XOR2X1_LVT         saed32lvt_tt1p05v25c     4.320448       1     4.320448
XOR2X1_RVT         saed32rvt_tt1p05v25c     4.320448       7    30.243135
XOR2X2_HVT         saed32hvt_tt1p05v25c     4.574592      19    86.917250
XOR2X2_LVT         saed32lvt_tt1p05v25c     4.574592       6    27.447553
XOR2X2_RVT         saed32rvt_tt1p05v25c     4.574592      15    68.618882
-----------------------------------------------------------------------------
Total 75 references                                  3645.949785
1
