 
****************************************
Report : cell
Design : dfe3Main
Version: G-2012.06-SP3
Date   : Mon May  1 16:08:12 2017
****************************************

Attributes:
    b - black box (unknown)
    h - hierarchical
    n - noncombinational
    r - removable
   so - sizing only
    u - contains unmapped logic

Cell                      Reference       Library             Area  Attributes
--------------------------------------------------------------------------------
U1                        NBUFFX8_HVT     saed32hvt_tt1p05v25c 3.812160 so
U2                        NBUFFX8_RVT     saed32rvt_tt1p05v25c 3.812160 so
U3                        NBUFFX8_RVT     saed32rvt_tt1p05v25c 3.812160 so
U4                        NBUFFX8_HVT     saed32hvt_tt1p05v25c 3.812160 so
U5                        NBUFFX8_RVT     saed32rvt_tt1p05v25c 3.812160 so
U6                        NBUFFX8_RVT     saed32rvt_tt1p05v25c 3.812160 so
U7                        NBUFFX8_RVT     saed32rvt_tt1p05v25c 3.812160 so
U8                        NBUFFX8_HVT     saed32hvt_tt1p05v25c 3.812160 so
U9                        NBUFFX8_HVT     saed32hvt_tt1p05v25c 3.812160 so
U10                       NBUFFX8_RVT     saed32rvt_tt1p05v25c 3.812160 so
U11                       NBUFFX4_HVT     saed32hvt_tt1p05v25c 2.541440 so
U12                       NBUFFX8_RVT     saed32rvt_tt1p05v25c 3.812160 so
U13                       NBUFFX8_RVT     saed32rvt_tt1p05v25c 3.812160 so
U14                       NBUFFX4_HVT     saed32hvt_tt1p05v25c 2.541440 so
U15                       NBUFFX2_HVT     saed32hvt_tt1p05v25c 2.033152 so
U16                       NBUFFX8_LVT     saed32lvt_tt1p05v25c 3.812160 so
U17                       NBUFFX8_RVT     saed32rvt_tt1p05v25c 3.812160 so
U18                       NBUFFX8_LVT     saed32lvt_tt1p05v25c 3.812160 so
U19                       NBUFFX8_HVT     saed32hvt_tt1p05v25c 3.812160 so
U20                       NBUFFX8_RVT     saed32rvt_tt1p05v25c 3.812160 so
U21                       NBUFFX2_LVT     saed32lvt_tt1p05v25c 2.033152 so
U22                       NBUFFX8_RVT     saed32rvt_tt1p05v25c 3.812160 so
U23                       NBUFFX8_HVT     saed32hvt_tt1p05v25c 3.812160 so
U24                       NBUFFX8_RVT     saed32rvt_tt1p05v25c 3.812160 so
U25                       NBUFFX8_HVT     saed32hvt_tt1p05v25c 3.812160 so
U26                       NBUFFX8_RVT     saed32rvt_tt1p05v25c 3.812160 so
U27                       NBUFFX4_HVT     saed32hvt_tt1p05v25c 2.541440 so
U28                       NBUFFX8_RVT     saed32rvt_tt1p05v25c 3.812160 so
U29                       NBUFFX8_RVT     saed32rvt_tt1p05v25c 3.812160 so
U30                       NBUFFX8_RVT     saed32rvt_tt1p05v25c 3.812160 so
U31                       NBUFFX4_HVT     saed32hvt_tt1p05v25c 2.541440 so
U32                       NBUFFX4_HVT     saed32hvt_tt1p05v25c 2.541440 so
U33                       NBUFFX4_HVT     saed32hvt_tt1p05v25c 2.541440 so
U34                       NBUFFX4_HVT     saed32hvt_tt1p05v25c 2.541440 so
U35                       NBUFFX2_HVT     saed32hvt_tt1p05v25c 2.033152 so
U37                       NBUFFX2_HVT     saed32hvt_tt1p05v25c 2.033152
U38                       NBUFFX4_HVT     saed32hvt_tt1p05v25c 2.541440
U39                       NBUFFX8_RVT     saed32rvt_tt1p05v25c 3.812160
U40                       NBUFFX8_HVT     saed32hvt_tt1p05v25c 3.812160
U41                       NBUFFX8_RVT     saed32rvt_tt1p05v25c 3.812160
U42                       NBUFFX8_HVT     saed32hvt_tt1p05v25c 3.812160
U43                       NBUFFX8_RVT     saed32rvt_tt1p05v25c 3.812160
U44                       NBUFFX8_HVT     saed32hvt_tt1p05v25c 3.812160
U45                       NBUFFX8_HVT     saed32hvt_tt1p05v25c 3.812160
U46                       NBUFFX8_RVT     saed32rvt_tt1p05v25c 3.812160
U47                       NBUFFX8_RVT     saed32rvt_tt1p05v25c 3.812160
U48                       NBUFFX8_RVT     saed32rvt_tt1p05v25c 3.812160
U49                       NBUFFX8_RVT     saed32rvt_tt1p05v25c 3.812160
U50                       NBUFFX2_HVT     saed32hvt_tt1p05v25c 2.033152
U51                       INVX16_RVT      saed32rvt_tt1p05v25c 5.082880
U52                       INVX4_RVT       saed32rvt_tt1p05v25c 2.033152
U53                       NBUFFX8_HVT     saed32hvt_tt1p05v25c 3.812160
U54                       NBUFFX2_HVT     saed32hvt_tt1p05v25c 2.033152
U55                       NBUFFX8_LVT     saed32lvt_tt1p05v25c 3.812160
U56                       NBUFFX2_LVT     saed32lvt_tt1p05v25c 2.033152
U57                       NBUFFX2_LVT     saed32lvt_tt1p05v25c 2.033152
ctrl                      ctrl                            393.160777 b, h, n
dpathtotal                dpathtotal                      196262.455383 b, h, n
--------------------------------------------------------------------------------
Total 58 cells                                            196844.191010
1
