 
****************************************
Report : reference
Design : dfe3Main
Version: G-2012.06-SP3
Date   : Tue May  2 18:04:04 2017
****************************************

Attributes:
    b - black box (unknown)
   bo - allows boundary optimization
    d - dont_touch
   mo - map_only
    h - hierarchical
    n - noncombinational
    r - removable
    s - synthetic operator
    u - contains unmapped logic

Reference          Library       Unit Area   Count    Total Area   Attributes
-----------------------------------------------------------------------------
INVX8_HVT          saed32hvt_tt1p05v25c     3.049728       1     3.049728
NBUFFX2_HVT        saed32hvt_tt1p05v25c     2.033152       3     6.099456
NBUFFX4_HVT        saed32hvt_tt1p05v25c     2.541440       5    12.707200
NBUFFX8_HVT        saed32hvt_tt1p05v25c     3.812160      10    38.121600
NBUFFX8_LVT        saed32lvt_tt1p05v25c     3.812160       3    11.436480
NBUFFX8_RVT        saed32rvt_tt1p05v25c     3.812160      19    72.431040
NBUFFX16_RVT       saed32rvt_tt1p05v25c     6.099456       4    24.397823
NBUFFX32_HVT       saed32hvt_tt1p05v25c    10.674048       2    21.348097
ctrl                            370.033672       1    370.033672  b, h, n
dpathtotal                    222818.216401       1 222818.216401 b, h, n
-----------------------------------------------------------------------------
Total 10 references                                 223377.841498

****************************************
Design: ctrl 
****************************************
Reference          Library       Unit Area   Count    Total Area   Attributes
-----------------------------------------------------------------------------
AND2X1_HVT         saed32hvt_tt1p05v25c     2.033152       9    18.298369
AND2X1_LVT         saed32lvt_tt1p05v25c     2.033152      29    58.961411
AND2X2_LVT         saed32lvt_tt1p05v25c     2.287296       2     4.574592
AND3X1_HVT         saed32hvt_tt1p05v25c     2.287296      10    22.872961
AND3X1_LVT         saed32lvt_tt1p05v25c     2.287296       1     2.287296
AND4X1_HVT         saed32hvt_tt1p05v25c     2.541440       1     2.541440
AO21X1_HVT         saed32hvt_tt1p05v25c     2.541440       2     5.082880
AO21X1_RVT         saed32rvt_tt1p05v25c     2.541440       1     2.541440
AO22X1_RVT         saed32rvt_tt1p05v25c     2.541440       2     5.082880
AO221X2_HVT        saed32hvt_tt1p05v25c     3.303872       1     3.303872
AOI21X2_HVT        saed32hvt_tt1p05v25c     3.303872       1     3.303872
DFFX1_HVT          saed32hvt_tt1p05v25c     6.607744      11    72.685186 n
DFFX1_LVT          saed32lvt_tt1p05v25c     6.607744       1     6.607744 n
DFFX2_LVT          saed32lvt_tt1p05v25c     7.116032       2    14.232064 n
INVX1_HVT          saed32hvt_tt1p05v25c     1.270720      16    20.331520
INVX1_LVT          saed32lvt_tt1p05v25c     1.270720       2     2.541440
INVX2_HVT          saed32hvt_tt1p05v25c     1.524864       2     3.049728
INVX2_LVT          saed32lvt_tt1p05v25c     1.524864       2     3.049728
INVX2_RVT          saed32rvt_tt1p05v25c     1.524864       1     1.524864
INVX4_LVT          saed32lvt_tt1p05v25c     2.033152       1     2.033152
NAND2X0_HVT        saed32hvt_tt1p05v25c     1.524864      13    19.823231
NAND2X0_RVT        saed32rvt_tt1p05v25c     1.524864       1     1.524864
NAND4X0_HVT        saed32hvt_tt1p05v25c     2.033152       4     8.132608
NAND4X0_LVT        saed32lvt_tt1p05v25c     2.033152       2     4.066304
NBUFFX2_HVT        saed32hvt_tt1p05v25c     2.033152       2     4.066304
NBUFFX8_HVT        saed32hvt_tt1p05v25c     3.812160       2     7.624320
NOR2X0_RVT         saed32rvt_tt1p05v25c     2.541440       1     2.541440
NOR2X4_LVT         saed32lvt_tt1p05v25c     3.303872       1     3.303872
NOR3X0_HVT         saed32hvt_tt1p05v25c     2.795584       1     2.795584
NOR4X0_HVT         saed32hvt_tt1p05v25c     3.049728       1     3.049728
NOR4X0_LVT         saed32lvt_tt1p05v25c     3.049728       3     9.149184
NOR4X0_RVT         saed32rvt_tt1p05v25c     3.049728       4    12.198912
OA21X1_HVT         saed32hvt_tt1p05v25c     2.541440       2     5.082880
OA22X1_HVT         saed32hvt_tt1p05v25c     2.541440       1     2.541440
OR2X1_HVT          saed32hvt_tt1p05v25c     2.033152       5    10.165761
OR2X2_LVT          saed32lvt_tt1p05v25c     2.287296       1     2.287296
OR3X1_LVT          saed32lvt_tt1p05v25c     2.287296       1     2.287296
SNPS_CLOCK_GATE_HIGH_ctrl_0       5.845312       1      5.845312  b, h
XOR2X1_HVT         saed32hvt_tt1p05v25c     4.320448       2     8.640896
-----------------------------------------------------------------------------
Total 39 references                                   370.033672

****************************************
Design: SNPS_CLOCK_GATE_HIGH_ctrl_0 
****************************************
Reference          Library       Unit Area   Count    Total Area   Attributes
-----------------------------------------------------------------------------
CGLPPRX2_HVT       saed32hvt_tt1p05v25c     5.845312       1     5.845312 b
-----------------------------------------------------------------------------
Total 1 references                                      5.845312

****************************************
Design: dpathtotal 
****************************************
Reference          Library       Unit Area   Count    Total Area   Attributes
-----------------------------------------------------------------------------
AND2X1_LVT         saed32lvt_tt1p05v25c     2.033152      16    32.530434
AND2X1_RVT         saed32rvt_tt1p05v25c     2.033152       3     6.099456
AND2X2_LVT         saed32lvt_tt1p05v25c     2.287296       1     2.287296
AND2X2_RVT         saed32rvt_tt1p05v25c     2.287296       1     2.287296
AND2X4_LVT         saed32lvt_tt1p05v25c     2.795584       1     2.795584
AND3X1_LVT         saed32lvt_tt1p05v25c     2.287296       1     2.287296
AO21X1_LVT         saed32lvt_tt1p05v25c     2.541440      16    40.663040
AO21X1_RVT         saed32rvt_tt1p05v25c     2.541440       5    12.707200
INVX1_HVT          saed32hvt_tt1p05v25c     1.270720      20    25.414400
INVX1_LVT          saed32lvt_tt1p05v25c     1.270720       9    11.436480
INVX1_RVT          saed32rvt_tt1p05v25c     1.270720       9    11.436480
INVX2_HVT          saed32hvt_tt1p05v25c     1.524864       1     1.524864
INVX2_LVT          saed32lvt_tt1p05v25c     1.524864       1     1.524864
INVX2_RVT          saed32rvt_tt1p05v25c     1.524864       1     1.524864
INVX4_LVT          saed32lvt_tt1p05v25c     2.033152       2     4.066304
INVX8_LVT          saed32lvt_tt1p05v25c     3.049728       1     3.049728
MUX21X1_RVT        saed32rvt_tt1p05v25c     3.303872       1     3.303872
MUX21X2_LVT        saed32lvt_tt1p05v25c     3.558016       1     3.558016
NAND2X0_LVT        saed32lvt_tt1p05v25c     1.524864      13    19.823231
NAND2X0_RVT        saed32rvt_tt1p05v25c     1.524864       8    12.198912
NAND3X0_LVT        saed32lvt_tt1p05v25c     1.779008       1     1.779008
NAND4X0_LVT        saed32lvt_tt1p05v25c     2.033152       1     2.033152
NBUFFX2_HVT        saed32hvt_tt1p05v25c     2.033152      17    34.563586
NBUFFX2_LVT        saed32lvt_tt1p05v25c     2.033152       5    10.165761
NBUFFX4_HVT        saed32hvt_tt1p05v25c     2.541440       3     7.624320
NBUFFX8_HVT        saed32hvt_tt1p05v25c     3.812160      22    83.867520
NBUFFX8_LVT        saed32lvt_tt1p05v25c     3.812160       1     3.812160
NBUFFX8_RVT        saed32rvt_tt1p05v25c     3.812160       1     3.812160
NBUFFX16_LVT       saed32lvt_tt1p05v25c     6.099456       2    12.198912
NBUFFX32_HVT       saed32hvt_tt1p05v25c    10.674048       4    42.696194
NOR2X0_LVT         saed32lvt_tt1p05v25c     2.541440       5    12.707200
NOR2X0_RVT         saed32rvt_tt1p05v25c     2.541440       3     7.624320
NOR3X0_RVT         saed32rvt_tt1p05v25c     2.795584       1     2.795584
OA21X1_LVT         saed32lvt_tt1p05v25c     2.541440      10    25.414400
OA22X1_LVT         saed32lvt_tt1p05v25c     2.541440       3     7.624320
OR2X1_LVT          saed32lvt_tt1p05v25c     2.033152       4     8.132608
OR2X1_RVT          saed32rvt_tt1p05v25c     2.033152       8    16.265217
OR2X2_LVT          saed32lvt_tt1p05v25c     2.287296       2     4.574592
OR2X4_LVT          saed32lvt_tt1p05v25c     2.795584       2     5.591168
OR3X1_LVT          saed32lvt_tt1p05v25c     2.287296       1     2.287296
XNOR2X2_LVT        saed32lvt_tt1p05v25c     4.574592       2     9.149184
correlator                    159979.332794       1 159979.332794 b, h, n
decision_device                  19.060800       1     19.060800  h
fir_feedback                  62314.584528       1  62314.584528  b, h, n
-----------------------------------------------------------------------------
Total 44 references                                 222818.216401

****************************************
Design: correlator 
****************************************
Reference          Library       Unit Area   Count    Total Area   Attributes
-----------------------------------------------------------------------------
AND2X1_HVT         saed32hvt_tt1p05v25c     2.033152   16139 32813.041797
AND2X1_LVT         saed32lvt_tt1p05v25c     2.033152     377   766.498343
AND2X1_RVT         saed32rvt_tt1p05v25c     2.033152     348   707.536932
AND2X2_HVT         saed32hvt_tt1p05v25c     2.287296     143   327.083336
AND2X2_LVT         saed32lvt_tt1p05v25c     2.287296      39    89.204546
AND2X2_RVT         saed32rvt_tt1p05v25c     2.287296      72   164.685316
AND2X4_HVT         saed32hvt_tt1p05v25c     2.795584      51   142.574782
AND2X4_LVT         saed32lvt_tt1p05v25c     2.795584       3     8.386752
AND2X4_RVT         saed32rvt_tt1p05v25c     2.795584      17    47.524927
AND3X1_LVT         saed32lvt_tt1p05v25c     2.287296      59   134.950467
AND3X1_RVT         saed32rvt_tt1p05v25c     2.287296      12    27.447553
AND3X4_LVT         saed32lvt_tt1p05v25c     3.049728       1     3.049728
AND4X1_LVT         saed32lvt_tt1p05v25c     2.541440       5    12.707200
AO21X1_HVT         saed32hvt_tt1p05v25c     2.541440       4    10.165760
AO21X1_LVT         saed32lvt_tt1p05v25c     2.541440     118   299.889921
AO21X1_RVT         saed32rvt_tt1p05v25c     2.541440      19    48.287360
AO21X2_LVT         saed32lvt_tt1p05v25c     2.795584       6    16.773504
AO22X1_HVT         saed32hvt_tt1p05v25c     2.541440      86   218.563841
AO22X1_LVT         saed32lvt_tt1p05v25c     2.541440     228   579.448322
AO22X1_RVT         saed32rvt_tt1p05v25c     2.541440      77   195.690881
AO22X2_HVT         saed32hvt_tt1p05v25c     2.795584       2     5.591168
AO22X2_LVT         saed32lvt_tt1p05v25c     2.795584       3     8.386752
AOI21X1_HVT        saed32hvt_tt1p05v25c     3.049728       7    21.348095
AOI21X1_LVT        saed32lvt_tt1p05v25c     3.049728       9    27.447551
AOI21X1_RVT        saed32rvt_tt1p05v25c     3.049728       1     3.049728
AOI21X2_HVT        saed32hvt_tt1p05v25c     3.303872       1     3.303872
AOI21X2_RVT        saed32rvt_tt1p05v25c     3.303872       2     6.607744
AOI22X1_LVT        saed32lvt_tt1p05v25c     3.049728       5    15.248640
AOI22X2_LVT        saed32lvt_tt1p05v25c     3.303872       1     3.303872
DFFSSRX1_HVT       saed32hvt_tt1p05v25c     7.370176       1     7.370176 n
DFFSSRX1_RVT       saed32rvt_tt1p05v25c     7.116032       2    14.232064 n
DFFX1_HVT          saed32hvt_tt1p05v25c     6.607744   16156 106754.715569 n
DFFX1_RVT          saed32rvt_tt1p05v25c     6.607744      17   112.331652 n
DFFX2_HVT          saed32hvt_tt1p05v25c     7.624320     126   960.664324 n
DFFX2_RVT          saed32rvt_tt1p05v25c     7.116032       6    42.696193 n
FADDX1_HVT         saed32hvt_tt1p05v25c     4.828736      77   371.812659 r
FADDX1_LVT         saed32lvt_tt1p05v25c     4.828736     140   676.023016 r
FADDX1_RVT         saed32rvt_tt1p05v25c     4.828736     200   965.747166 r
FADDX2_HVT         saed32hvt_tt1p05v25c     5.337024       1     5.337024 r
FADDX2_LVT         saed32lvt_tt1p05v25c     5.337024      26   138.762630 r
FADDX2_RVT         saed32rvt_tt1p05v25c     5.337024      22   117.414533 r
HADDX1_HVT         saed32hvt_tt1p05v25c     3.303872     123   406.376269 r
HADDX1_LVT         saed32lvt_tt1p05v25c     3.303872      23    75.989058 r
HADDX1_RVT         saed32rvt_tt1p05v25c     3.303872      19    62.773570 r
HADDX2_HVT         saed32hvt_tt1p05v25c     3.812160      10    38.121600 r
HADDX2_LVT         saed32lvt_tt1p05v25c     3.812160       1     3.812160 r
IBUFFX8_LVT        saed32lvt_tt1p05v25c     4.320448       2     8.640896
INVX1_HVT          saed32hvt_tt1p05v25c     1.270720     602   764.973443
INVX1_LVT          saed32lvt_tt1p05v25c     1.270720     149   189.337281
INVX1_RVT          saed32rvt_tt1p05v25c     1.270720     319   405.359682
INVX2_HVT          saed32hvt_tt1p05v25c     1.524864      35    53.370239
INVX2_LVT          saed32lvt_tt1p05v25c     1.524864      98   149.436668
INVX2_RVT          saed32rvt_tt1p05v25c     1.524864     107   163.160444
INVX4_HVT          saed32hvt_tt1p05v25c     2.033152       5    10.165761
INVX4_LVT          saed32lvt_tt1p05v25c     2.033152      26    52.861955
INVX4_RVT          saed32rvt_tt1p05v25c     2.033152      14    28.464129
INVX8_HVT          saed32hvt_tt1p05v25c     3.049728       3     9.149184
INVX8_LVT          saed32lvt_tt1p05v25c     3.049728       9    27.447551
INVX8_RVT          saed32rvt_tt1p05v25c     3.049728       5    15.248640
INVX16_LVT         saed32lvt_tt1p05v25c     5.082880       3    15.248640
MUX21X1_LVT        saed32lvt_tt1p05v25c     3.303872       4    13.215488
MUX21X2_LVT        saed32lvt_tt1p05v25c     3.558016       1     3.558016
NAND2X0_HVT        saed32hvt_tt1p05v25c     1.524864      52    79.292926
NAND2X0_LVT        saed32lvt_tt1p05v25c     1.524864     316   481.857011
NAND2X0_RVT        saed32rvt_tt1p05v25c     1.524864     161   245.503097
NAND2X1_HVT        saed32hvt_tt1p05v25c     2.541440       1     2.541440
NAND2X1_LVT        saed32lvt_tt1p05v25c     2.541440       1     2.541440
NAND2X1_RVT        saed32rvt_tt1p05v25c     2.541440       6    15.248640
NAND2X2_HVT        saed32hvt_tt1p05v25c     2.795584       1     2.795584
NAND2X2_LVT        saed32lvt_tt1p05v25c     2.795584      24    67.094015
NAND2X2_RVT        saed32rvt_tt1p05v25c     2.795584      10    27.955840
NAND2X4_LVT        saed32lvt_tt1p05v25c     3.303872       5    16.519361
NAND2X4_RVT        saed32rvt_tt1p05v25c     3.303872       3     9.911616
NAND3X0_HVT        saed32hvt_tt1p05v25c     1.779008       1     1.779008
NAND3X0_LVT        saed32lvt_tt1p05v25c     1.779008     183   325.558470
NAND3X0_RVT        saed32rvt_tt1p05v25c     1.779008      33    58.707265
NAND3X1_RVT        saed32rvt_tt1p05v25c     2.795584       1     2.795584
NAND3X2_LVT        saed32lvt_tt1p05v25c     3.049728       2     6.099456
NAND4X0_LVT        saed32lvt_tt1p05v25c     2.033152      46    93.524997
NAND4X0_RVT        saed32rvt_tt1p05v25c     2.033152       4     8.132608
NBUFFX2_HVT        saed32hvt_tt1p05v25c     2.033152     119   241.945100
NBUFFX2_LVT        saed32lvt_tt1p05v25c     2.033152      41    83.359236
NBUFFX2_RVT        saed32rvt_tt1p05v25c     2.033152      23    46.762498
NBUFFX4_HVT        saed32hvt_tt1p05v25c     2.541440      96   243.978241
NBUFFX4_LVT        saed32lvt_tt1p05v25c     2.541440      11    27.955840
NBUFFX4_RVT        saed32rvt_tt1p05v25c     2.541440      14    35.580160
NBUFFX8_HVT        saed32hvt_tt1p05v25c     3.812160     249   949.227844
NBUFFX8_LVT        saed32lvt_tt1p05v25c     3.812160      23    87.679680
NBUFFX8_RVT        saed32rvt_tt1p05v25c     3.812160      23    87.679680
NBUFFX16_LVT       saed32lvt_tt1p05v25c     6.099456      16    97.591293
NBUFFX16_RVT       saed32rvt_tt1p05v25c     6.099456       7    42.696191
NBUFFX32_HVT       saed32hvt_tt1p05v25c    10.674048      10   106.740484
NOR2X0_HVT         saed32hvt_tt1p05v25c     2.541440       8    20.331520
NOR2X0_LVT         saed32lvt_tt1p05v25c     2.541440      31    78.784640
NOR2X0_RVT         saed32rvt_tt1p05v25c     2.541440      60   152.486401
NOR2X2_HVT         saed32hvt_tt1p05v25c     2.795584       2     5.591168
NOR2X2_LVT         saed32lvt_tt1p05v25c     2.795584       2     5.591168
NOR2X2_RVT         saed32rvt_tt1p05v25c     2.795584      22    61.502847
NOR3X0_LVT         saed32lvt_tt1p05v25c     2.795584       1     2.795584
NOR3X4_LVT         saed32lvt_tt1p05v25c     3.558016       1     3.558016
OA21X1_HVT         saed32hvt_tt1p05v25c     2.541440       1     2.541440
OA21X1_LVT         saed32lvt_tt1p05v25c     2.541440     207   526.078082
OA21X1_RVT         saed32rvt_tt1p05v25c     2.541440      28    71.160320
OA21X2_LVT         saed32lvt_tt1p05v25c     2.795584      19    53.116095
OA22X1_LVT         saed32lvt_tt1p05v25c     2.541440      36    91.491840
OA22X1_RVT         saed32rvt_tt1p05v25c     2.541440       4    10.165760
OA22X2_LVT         saed32lvt_tt1p05v25c     2.795584       3     8.386752
OA22X2_RVT         saed32rvt_tt1p05v25c     2.795584       1     2.795584
OAI21X1_HVT        saed32hvt_tt1p05v25c     3.049728       4    12.198912
OAI21X1_LVT        saed32lvt_tt1p05v25c     3.049728       2     6.099456
OAI21X1_RVT        saed32rvt_tt1p05v25c     3.049728       3     9.149184
OAI21X2_HVT        saed32hvt_tt1p05v25c     3.303872       2     6.607744
OAI21X2_LVT        saed32lvt_tt1p05v25c     3.303872       2     6.607744
OAI21X2_RVT        saed32rvt_tt1p05v25c     3.303872       1     3.303872
OAI22X1_HVT        saed32hvt_tt1p05v25c     3.049728       2     6.099456
OAI22X1_LVT        saed32lvt_tt1p05v25c     3.049728      13    39.646463
OAI22X1_RVT        saed32rvt_tt1p05v25c     3.049728       3     9.149184
OAI22X2_LVT        saed32lvt_tt1p05v25c     3.303872       5    16.519361
OR2X1_HVT          saed32hvt_tt1p05v25c     2.033152     117   237.878796
OR2X1_LVT          saed32lvt_tt1p05v25c     2.033152     269   546.917916
OR2X1_RVT          saed32rvt_tt1p05v25c     2.033152     151   307.005968
OR2X2_HVT          saed32hvt_tt1p05v25c     2.287296       5    11.436480
OR2X2_LVT          saed32lvt_tt1p05v25c     2.287296      81   185.270981
OR2X2_RVT          saed32rvt_tt1p05v25c     2.287296      44   100.641026
OR3X1_LVT          saed32lvt_tt1p05v25c     2.287296      21    48.033217
OR3X1_RVT          saed32rvt_tt1p05v25c     2.541440       5    12.707200
OR3X2_LVT          saed32lvt_tt1p05v25c     2.541440       1     2.541440
OR3X2_RVT          saed32rvt_tt1p05v25c     2.541440       1     2.541440
SNPS_CLOCK_GATE_HIGH_correlator     5.845312       1     5.845312 b, h
XNOR2X1_HVT        saed32hvt_tt1p05v25c     4.320448       6    25.922688
XNOR2X1_LVT        saed32lvt_tt1p05v25c     4.320448       6    25.922688
XNOR2X2_LVT        saed32lvt_tt1p05v25c     4.574592      34   155.536132
XNOR2X2_RVT        saed32rvt_tt1p05v25c     4.574592      15    68.618882
XOR2X1_HVT         saed32hvt_tt1p05v25c     4.320448      33   142.574781
XOR2X1_LVT         saed32lvt_tt1p05v25c     4.320448       2     8.640896
XOR2X1_RVT         saed32rvt_tt1p05v25c     4.320448       7    30.243135
XOR2X2_HVT         saed32hvt_tt1p05v25c     4.574592       8    36.596737
XOR2X2_LVT         saed32lvt_tt1p05v25c     4.574592      38   173.834500
XOR2X2_RVT         saed32rvt_tt1p05v25c     4.574592      17    77.768066
XOR3X1_LVT         saed32lvt_tt1p05v25c     7.116032       8    56.928257
XOR3X2_HVT         saed32hvt_tt1p05v25c     7.370176     120   884.421101
XOR3X2_LVT         saed32lvt_tt1p05v25c     7.370176     338  2491.119433
XOR3X2_RVT         saed32rvt_tt1p05v25c     7.370176      35   257.956154
-----------------------------------------------------------------------------
Total 143 references                                159979.332794

****************************************
Design: SNPS_CLOCK_GATE_HIGH_correlator 
****************************************
Reference          Library       Unit Area   Count    Total Area   Attributes
-----------------------------------------------------------------------------
CGLPPRX2_HVT       saed32hvt_tt1p05v25c     5.845312       1     5.845312 b
-----------------------------------------------------------------------------
Total 1 references                                      5.845312

****************************************
Design: decision_device 
****************************************
Reference          Library       Unit Area   Count    Total Area   Attributes
-----------------------------------------------------------------------------
AND2X1_LVT         saed32lvt_tt1p05v25c     2.033152       1     2.033152
AND2X4_LVT         saed32lvt_tt1p05v25c     2.795584       1     2.795584
INVX1_HVT          saed32hvt_tt1p05v25c     1.270720       2     2.541440
INVX2_HVT          saed32hvt_tt1p05v25c     1.524864       1     1.524864
INVX4_LVT          saed32lvt_tt1p05v25c     2.033152       1     2.033152
INVX8_LVT          saed32lvt_tt1p05v25c     3.049728       1     3.049728
OR2X2_LVT          saed32lvt_tt1p05v25c     2.287296       1     2.287296
OR2X4_LVT          saed32lvt_tt1p05v25c     2.795584       1     2.795584
-----------------------------------------------------------------------------
Total 8 references                                     19.060800

****************************************
Design: fir_feedback 
****************************************
Reference          Library       Unit Area   Count    Total Area   Attributes
-----------------------------------------------------------------------------
AND2X1_HVT         saed32hvt_tt1p05v25c     2.033152    2672  5432.582420
AND2X1_LVT         saed32lvt_tt1p05v25c     2.033152      72   146.386951
AND2X1_RVT         saed32rvt_tt1p05v25c     2.033152     142   288.707599
AND2X2_HVT         saed32hvt_tt1p05v25c     2.287296       7    16.011072
AND2X2_LVT         saed32lvt_tt1p05v25c     2.287296      12    27.447553
AND2X2_RVT         saed32rvt_tt1p05v25c     2.287296      45   102.928323
AND2X4_HVT         saed32hvt_tt1p05v25c     2.795584       3     8.386752
AND2X4_LVT         saed32lvt_tt1p05v25c     2.795584      13    36.342592
AND2X4_RVT         saed32rvt_tt1p05v25c     2.795584      36   100.641023
AND3X1_HVT         saed32hvt_tt1p05v25c     2.287296       8    18.298368
AND3X1_LVT         saed32lvt_tt1p05v25c     2.287296      29    66.331586
AND3X1_RVT         saed32rvt_tt1p05v25c     2.287296      32    73.193474
AND3X2_LVT         saed32lvt_tt1p05v25c     2.541440       8    20.331520
AND3X2_RVT         saed32rvt_tt1p05v25c     2.541440       1     2.541440
AND3X4_LVT         saed32lvt_tt1p05v25c     3.049728       3     9.149184
AND3X4_RVT         saed32rvt_tt1p05v25c     3.049728       2     6.099456
AND4X1_HVT         saed32hvt_tt1p05v25c     2.541440      17    43.204480
AND4X1_LVT         saed32lvt_tt1p05v25c     2.541440      35    88.950400
AND4X1_RVT         saed32rvt_tt1p05v25c     2.541440     105   266.851201
AND4X2_HVT         saed32hvt_tt1p05v25c     3.812160       1     3.812160
AND4X2_RVT         saed32rvt_tt1p05v25c     3.812160      10    38.121600
AND4X4_LVT         saed32lvt_tt1p05v25c     4.320448       1     4.320448
AND4X4_RVT         saed32rvt_tt1p05v25c     4.320448       2     8.640896
AO21X1_HVT         saed32hvt_tt1p05v25c     2.541440      19    48.287360
AO21X1_LVT         saed32lvt_tt1p05v25c     2.541440     108   274.475521
AO21X1_RVT         saed32rvt_tt1p05v25c     2.541440      63   160.110721
AO21X2_LVT         saed32lvt_tt1p05v25c     2.795584       3     8.386752
AO21X2_RVT         saed32rvt_tt1p05v25c     2.795584       3     8.386752
AO22X1_HVT         saed32hvt_tt1p05v25c     2.541440     645  1639.228806
AO22X1_LVT         saed32lvt_tt1p05v25c     2.541440     175   444.752002
AO22X1_RVT         saed32rvt_tt1p05v25c     2.541440    1279  3250.501773
AO22X2_HVT         saed32hvt_tt1p05v25c     2.795584       4    11.182336
AO22X2_RVT         saed32rvt_tt1p05v25c     2.795584       6    16.773504
AOI21X1_HVT        saed32hvt_tt1p05v25c     3.049728       5    15.248640
AOI21X1_LVT        saed32lvt_tt1p05v25c     3.049728      15    45.745919
AOI21X1_RVT        saed32rvt_tt1p05v25c     3.049728      15    45.745919
AOI21X2_LVT        saed32lvt_tt1p05v25c     3.303872       4    13.215488
AOI22X1_HVT        saed32hvt_tt1p05v25c     3.049728      11    33.547007
AOI22X1_LVT        saed32lvt_tt1p05v25c     3.049728       1     3.049728
AOI22X1_RVT        saed32rvt_tt1p05v25c     3.049728      35   106.740477
AOI22X2_HVT        saed32hvt_tt1p05v25c     3.303872       3     9.911616
AOI22X2_RVT        saed32rvt_tt1p05v25c     3.303872       1     3.303872
DFFSSRX1_LVT       saed32lvt_tt1p05v25c     7.370176       2    14.740352 n
DFFX1_HVT          saed32hvt_tt1p05v25c     6.607744    1715 11332.281332 n
DFFX1_LVT          saed32lvt_tt1p05v25c     6.607744      14    92.508419 n
DFFX1_RVT          saed32rvt_tt1p05v25c     6.607744      16   105.723907 n
DFFX2_HVT          saed32hvt_tt1p05v25c     7.624320     882  6724.650267 n
DFFX2_LVT          saed32lvt_tt1p05v25c     7.116032      22   156.552707 n
DFFX2_RVT          saed32rvt_tt1p05v25c     7.116032      50   355.801606 n
FADDX1_HVT         saed32hvt_tt1p05v25c     4.828736      28   135.204603 r
FADDX1_LVT         saed32lvt_tt1p05v25c     4.828736     801  3867.817399 r
FADDX1_RVT         saed32rvt_tt1p05v25c     4.828736     291  1405.162126 r
FADDX2_LVT         saed32lvt_tt1p05v25c     5.337024      22   117.414533 r
FADDX2_RVT         saed32rvt_tt1p05v25c     5.337024      15    80.055363 r
HADDX1_HVT         saed32hvt_tt1p05v25c     3.303872       3     9.911616 r
HADDX1_LVT         saed32lvt_tt1p05v25c     3.303872      97   320.475595 r
HADDX1_RVT         saed32rvt_tt1p05v25c     3.303872      16    52.861954 r
HADDX2_LVT         saed32lvt_tt1p05v25c     3.812160      16    60.994560 r
IBUFFX16_RVT       saed32rvt_tt1p05v25c     6.607744      16   105.723907
INVX1_HVT          saed32hvt_tt1p05v25c     1.270720     361   458.729922
INVX1_LVT          saed32lvt_tt1p05v25c     1.270720      40    50.828800
INVX1_RVT          saed32rvt_tt1p05v25c     1.270720     132   167.735041
INVX2_HVT          saed32hvt_tt1p05v25c     1.524864      72   109.790205
INVX2_LVT          saed32lvt_tt1p05v25c     1.524864      42    64.044286
INVX2_RVT          saed32rvt_tt1p05v25c     1.524864     187   285.149560
INVX4_HVT          saed32hvt_tt1p05v25c     2.033152      82   166.718472
INVX4_LVT          saed32lvt_tt1p05v25c     2.033152      60   121.989126
INVX4_RVT          saed32rvt_tt1p05v25c     2.033152     204   414.763029
INVX8_HVT          saed32hvt_tt1p05v25c     3.049728       6    18.298368
INVX8_LVT          saed32lvt_tt1p05v25c     3.049728      15    45.745919
INVX8_RVT          saed32rvt_tt1p05v25c     3.049728      17    51.845375
MUX21X1_LVT        saed32lvt_tt1p05v25c     3.303872      38   125.547140
MUX21X1_RVT        saed32rvt_tt1p05v25c     3.303872      13    42.950337
MUX21X2_LVT        saed32lvt_tt1p05v25c     3.558016      26    92.508418
MUX21X2_RVT        saed32rvt_tt1p05v25c     3.558016      18    64.044289
NAND2X0_HVT        saed32hvt_tt1p05v25c     1.524864     318   484.906739
NAND2X0_LVT        saed32lvt_tt1p05v25c     1.524864      62    94.541565
NAND2X0_RVT        saed32rvt_tt1p05v25c     1.524864     511   779.205483
NAND2X1_HVT        saed32hvt_tt1p05v25c     2.541440       1     2.541440
NAND2X1_RVT        saed32rvt_tt1p05v25c     2.541440       2     5.082880
NAND2X2_HVT        saed32hvt_tt1p05v25c     2.795584       7    19.569088
NAND2X2_LVT        saed32lvt_tt1p05v25c     2.795584      14    39.138175
NAND2X2_RVT        saed32rvt_tt1p05v25c     2.795584      28    78.276351
NAND2X4_HVT        saed32hvt_tt1p05v25c     3.303872      20    66.077442
NAND2X4_LVT        saed32lvt_tt1p05v25c     3.303872       7    23.127105
NAND2X4_RVT        saed32rvt_tt1p05v25c     3.303872       6    19.823233
NAND3X0_HVT        saed32hvt_tt1p05v25c     1.779008      10    17.790080
NAND3X0_LVT        saed32lvt_tt1p05v25c     1.779008      49    87.171394
NAND3X0_RVT        saed32rvt_tt1p05v25c     1.779008     141   250.840132
NAND3X1_LVT        saed32lvt_tt1p05v25c     2.795584       4    11.182336
NAND3X1_RVT        saed32rvt_tt1p05v25c     2.795584       6    16.773504
NAND3X2_LVT        saed32lvt_tt1p05v25c     3.049728      15    45.745919
NAND3X2_RVT        saed32rvt_tt1p05v25c     3.049728       4    12.198912
NAND4X0_HVT        saed32hvt_tt1p05v25c     2.033152       5    10.165761
NAND4X0_LVT        saed32lvt_tt1p05v25c     2.033152     207   420.862485
NAND4X0_RVT        saed32rvt_tt1p05v25c     2.033152     305   620.111392
NAND4X1_HVT        saed32hvt_tt1p05v25c     3.049728       9    27.447551
NAND4X1_LVT        saed32lvt_tt1p05v25c     3.049728      30    91.491838
NAND4X1_RVT        saed32rvt_tt1p05v25c     3.049728      34   103.690749
NBUFFX2_HVT        saed32hvt_tt1p05v25c     2.033152     134   272.442382
NBUFFX2_LVT        saed32lvt_tt1p05v25c     2.033152      20    40.663042
NBUFFX2_RVT        saed32rvt_tt1p05v25c     2.033152       7    14.232065
NBUFFX4_HVT        saed32hvt_tt1p05v25c     2.541440      80   203.315201
NBUFFX4_LVT        saed32lvt_tt1p05v25c     2.541440       3     7.624320
NBUFFX4_RVT        saed32rvt_tt1p05v25c     2.541440       7    17.790080
NBUFFX8_HVT        saed32hvt_tt1p05v25c     3.812160      45   171.547201
NBUFFX8_LVT        saed32lvt_tt1p05v25c     3.812160      13    49.558080
NBUFFX8_RVT        saed32rvt_tt1p05v25c     3.812160      13    49.558080
NBUFFX16_LVT       saed32lvt_tt1p05v25c     6.099456      14    85.392382
NBUFFX16_RVT       saed32rvt_tt1p05v25c     6.099456       9    54.895103
NBUFFX32_HVT       saed32hvt_tt1p05v25c    10.674048       1    10.674048
NOR2X0_HVT         saed32hvt_tt1p05v25c     2.541440      35    88.950400
NOR2X0_LVT         saed32lvt_tt1p05v25c     2.541440      40   101.657600
NOR2X0_RVT         saed32rvt_tt1p05v25c     2.541440      87   221.105281
NOR2X2_HVT         saed32hvt_tt1p05v25c     2.795584      21    58.707263
NOR2X2_LVT         saed32lvt_tt1p05v25c     2.795584       4    11.182336
NOR2X2_RVT         saed32rvt_tt1p05v25c     2.795584       4    11.182336
NOR2X4_RVT         saed32rvt_tt1p05v25c     3.303872       5    16.519361
NOR3X0_HVT         saed32hvt_tt1p05v25c     2.795584      22    61.502847
NOR3X0_LVT         saed32lvt_tt1p05v25c     2.795584       9    25.160256
NOR3X0_RVT         saed32rvt_tt1p05v25c     2.795584      15    41.933759
NOR3X2_HVT         saed32hvt_tt1p05v25c     3.049728       2     6.099456
NOR3X2_RVT         saed32rvt_tt1p05v25c     3.049728       3     9.149184
NOR3X4_LVT         saed32lvt_tt1p05v25c     3.558016       1     3.558016
NOR4X0_HVT         saed32hvt_tt1p05v25c     3.049728      52   158.585852
NOR4X0_LVT         saed32lvt_tt1p05v25c     3.049728      96   292.773880
NOR4X0_RVT         saed32rvt_tt1p05v25c     3.049728     310   945.415654
OA21X1_HVT         saed32hvt_tt1p05v25c     2.541440      20    50.828800
OA21X1_LVT         saed32lvt_tt1p05v25c     2.541440      82   208.398081
OA21X1_RVT         saed32rvt_tt1p05v25c     2.541440     101   256.685441
OA21X2_LVT         saed32lvt_tt1p05v25c     2.795584      76   212.464381
OA21X2_RVT         saed32rvt_tt1p05v25c     2.795584      29    81.071935
OA22X1_HVT         saed32hvt_tt1p05v25c     2.541440     545  1385.084805
OA22X1_LVT         saed32lvt_tt1p05v25c     2.541440      15    38.121600
OA22X1_RVT         saed32rvt_tt1p05v25c     2.541440     915  2325.417609
OA22X2_HVT         saed32hvt_tt1p05v25c     2.795584       7    19.569088
OA22X2_RVT         saed32rvt_tt1p05v25c     2.795584      13    36.342592
OAI21X1_HVT        saed32hvt_tt1p05v25c     3.049728      17    51.845375
OAI21X1_LVT        saed32lvt_tt1p05v25c     3.049728      12    36.596735
OAI21X1_RVT        saed32rvt_tt1p05v25c     3.049728      16    48.795647
OAI21X2_LVT        saed32lvt_tt1p05v25c     3.303872       1     3.303872
OAI22X1_HVT        saed32hvt_tt1p05v25c     3.049728     143   436.111092
OAI22X1_LVT        saed32lvt_tt1p05v25c     3.049728      98   298.873336
OAI22X1_RVT        saed32rvt_tt1p05v25c     3.049728     760  2317.793217
OAI22X2_HVT        saed32hvt_tt1p05v25c     3.303872     170   561.658258
OAI22X2_LVT        saed32lvt_tt1p05v25c     3.303872       1     3.303872
OAI22X2_RVT        saed32rvt_tt1p05v25c     3.303872      86   284.133001
OR2X1_HVT          saed32hvt_tt1p05v25c     2.033152     238   483.890201
OR2X1_LVT          saed32lvt_tt1p05v25c     2.033152     100   203.315210
OR2X1_RVT          saed32rvt_tt1p05v25c     2.033152     315   640.442913
OR2X2_HVT          saed32hvt_tt1p05v25c     2.287296      35    80.055362
OR2X2_LVT          saed32lvt_tt1p05v25c     2.287296      71   162.398020
OR2X2_RVT          saed32rvt_tt1p05v25c     2.287296     171   391.127626
OR2X4_HVT          saed32hvt_tt1p05v25c     2.795584       4    11.182336
OR2X4_LVT          saed32lvt_tt1p05v25c     2.795584      43   120.210110
OR2X4_RVT          saed32rvt_tt1p05v25c     2.795584      95   265.580477
OR3X1_HVT          saed32hvt_tt1p05v25c     2.287296      31    70.906178
OR3X1_LVT          saed32lvt_tt1p05v25c     2.287296      12    27.447553
OR3X1_RVT          saed32rvt_tt1p05v25c     2.541440      49   124.530560
OR3X2_HVT          saed32hvt_tt1p05v25c     2.541440      11    27.955840
OR3X2_LVT          saed32lvt_tt1p05v25c     2.541440      10    25.414400
OR3X2_RVT          saed32rvt_tt1p05v25c     2.541440      16    40.663040
OR4X1_RVT          saed32rvt_tt1p05v25c     3.558016       3    10.674048
OR4X2_LVT          saed32lvt_tt1p05v25c     3.812160       2     7.624320
SNPS_CLOCK_GATE_HIGH_fir_feedback_0_1     5.845312       1     5.845312 b, h
SNPS_CLOCK_GATE_HIGH_fir_feedback_1_2     5.845312       1     5.845312 b, h
SNPS_CLOCK_GATE_HIGH_fir_feedback_2_3     5.845312       1     5.845312 b, h
XNOR2X1_HVT        saed32hvt_tt1p05v25c     4.320448      44   190.099709
XNOR2X1_LVT        saed32lvt_tt1p05v25c     4.320448      32   138.254333
XNOR2X1_RVT        saed32rvt_tt1p05v25c     4.320448     184   794.962418
XNOR2X2_HVT        saed32hvt_tt1p05v25c     4.574592      40   182.983685
XNOR2X2_LVT        saed32lvt_tt1p05v25c     4.574592      14    64.044290
XNOR2X2_RVT        saed32rvt_tt1p05v25c     4.574592      93   425.437067
XOR2X1_HVT         saed32hvt_tt1p05v25c     4.320448      62   267.867771
XOR2X1_LVT         saed32lvt_tt1p05v25c     4.320448       4    17.281792
XOR2X1_RVT         saed32rvt_tt1p05v25c     4.320448      12    51.845375
XOR2X2_HVT         saed32hvt_tt1p05v25c     4.574592      34   155.536132
XOR2X2_LVT         saed32lvt_tt1p05v25c     4.574592      22   100.641026
XOR2X2_RVT         saed32rvt_tt1p05v25c     4.574592      24   109.790211
XOR3X1_LVT         saed32lvt_tt1p05v25c     7.116032      31   220.596996
XOR3X2_HVT         saed32hvt_tt1p05v25c     7.370176       2    14.740352
XOR3X2_LVT         saed32lvt_tt1p05v25c     7.370176     182  1341.372003
XOR3X2_RVT         saed32rvt_tt1p05v25c     7.370176      47   346.398264
-----------------------------------------------------------------------------
Total 183 references                                62314.584528

****************************************
Design: SNPS_CLOCK_GATE_HIGH_fir_feedback_0_1 
****************************************
Reference          Library       Unit Area   Count    Total Area   Attributes
-----------------------------------------------------------------------------
CGLPPRX2_HVT       saed32hvt_tt1p05v25c     5.845312       1     5.845312 b
-----------------------------------------------------------------------------
Total 1 references                                      5.845312

****************************************
Design: SNPS_CLOCK_GATE_HIGH_fir_feedback_1_2 
****************************************
Reference          Library       Unit Area   Count    Total Area   Attributes
-----------------------------------------------------------------------------
CGLPPRX2_HVT       saed32hvt_tt1p05v25c     5.845312       1     5.845312 b
-----------------------------------------------------------------------------
Total 1 references                                      5.845312

****************************************
Design: SNPS_CLOCK_GATE_HIGH_fir_feedback_2_3 
****************************************
Reference          Library       Unit Area   Count    Total Area   Attributes
-----------------------------------------------------------------------------
CGLPPRX2_HVT       saed32hvt_tt1p05v25c     5.845312       1     5.845312 b
-----------------------------------------------------------------------------
Total 1 references                                      5.845312
1
