 
****************************************
Report : cell
Design : dfe3Main
Version: G-2012.06-SP3
Date   : Mon May  1 18:12:08 2017
****************************************

Attributes:
    b - black box (unknown)
    h - hierarchical
    n - noncombinational
    r - removable
   so - sizing only
    u - contains unmapped logic

Cell                      Reference       Library             Area  Attributes
--------------------------------------------------------------------------------
U1                        NBUFFX16_RVT    saed32rvt_tt1p05v25c 6.099456 so
U2                        NBUFFX16_RVT    saed32rvt_tt1p05v25c 6.099456 so
U3                        NBUFFX8_LVT     saed32lvt_tt1p05v25c 3.812160 so
U4                        NBUFFX16_RVT    saed32rvt_tt1p05v25c 6.099456 so
U5                        NBUFFX8_HVT     saed32hvt_tt1p05v25c 3.812160 so
U6                        NBUFFX4_HVT     saed32hvt_tt1p05v25c 2.541440 so
U7                        NBUFFX8_LVT     saed32lvt_tt1p05v25c 3.812160 so
U8                        NBUFFX8_LVT     saed32lvt_tt1p05v25c 3.812160 so
U9                        NBUFFX8_LVT     saed32lvt_tt1p05v25c 3.812160 so
U10                       NBUFFX8_LVT     saed32lvt_tt1p05v25c 3.812160 so
U11                       NBUFFX8_LVT     saed32lvt_tt1p05v25c 3.812160 so
U12                       NBUFFX8_LVT     saed32lvt_tt1p05v25c 3.812160 so
U13                       NBUFFX8_LVT     saed32lvt_tt1p05v25c 3.812160 so
U14                       NBUFFX8_LVT     saed32lvt_tt1p05v25c 3.812160 so
U15                       NBUFFX8_LVT     saed32lvt_tt1p05v25c 3.812160 so
U16                       NBUFFX8_LVT     saed32lvt_tt1p05v25c 3.812160 so
U17                       NBUFFX8_LVT     saed32lvt_tt1p05v25c 3.812160 so
U18                       NBUFFX8_LVT     saed32lvt_tt1p05v25c 3.812160 so
U19                       NBUFFX8_LVT     saed32lvt_tt1p05v25c 3.812160 so
U20                       NBUFFX8_LVT     saed32lvt_tt1p05v25c 3.812160 so
U21                       NBUFFX8_LVT     saed32lvt_tt1p05v25c 3.812160 so
U22                       NBUFFX4_HVT     saed32hvt_tt1p05v25c 2.541440 so
U23                       NBUFFX16_RVT    saed32rvt_tt1p05v25c 6.099456 so
U24                       NBUFFX16_RVT    saed32rvt_tt1p05v25c 6.099456 so
U25                       NBUFFX16_RVT    saed32rvt_tt1p05v25c 6.099456 so
U26                       NBUFFX8_LVT     saed32lvt_tt1p05v25c 3.812160 so
U27                       NBUFFX8_LVT     saed32lvt_tt1p05v25c 3.812160 so
U28                       NBUFFX4_HVT     saed32hvt_tt1p05v25c 2.541440 so
U29                       NBUFFX8_LVT     saed32lvt_tt1p05v25c 3.812160 so
U30                       NBUFFX4_HVT     saed32hvt_tt1p05v25c 2.541440 so
U31                       NBUFFX8_LVT     saed32lvt_tt1p05v25c 3.812160 so
U32                       NBUFFX8_LVT     saed32lvt_tt1p05v25c 3.812160 so
U33                       NBUFFX8_LVT     saed32lvt_tt1p05v25c 3.812160 so
U34                       NBUFFX8_HVT     saed32hvt_tt1p05v25c 3.812160 so
U35                       NBUFFX2_HVT     saed32hvt_tt1p05v25c 2.033152 so
U37                       NBUFFX8_LVT     saed32lvt_tt1p05v25c 3.812160
U38                       NBUFFX8_LVT     saed32lvt_tt1p05v25c 3.812160
U39                       NBUFFX8_LVT     saed32lvt_tt1p05v25c 3.812160
U40                       NBUFFX8_LVT     saed32lvt_tt1p05v25c 3.812160
U41                       NBUFFX8_LVT     saed32lvt_tt1p05v25c 3.812160
U42                       NBUFFX8_RVT     saed32rvt_tt1p05v25c 3.812160
U43                       NBUFFX8_RVT     saed32rvt_tt1p05v25c 3.812160
U44                       NBUFFX8_HVT     saed32hvt_tt1p05v25c 3.812160
U45                       NBUFFX8_LVT     saed32lvt_tt1p05v25c 3.812160
U46                       NBUFFX4_HVT     saed32hvt_tt1p05v25c 2.541440
U47                       NBUFFX4_HVT     saed32hvt_tt1p05v25c 2.541440
U48                       NBUFFX4_HVT     saed32hvt_tt1p05v25c 2.541440
U49                       NBUFFX4_HVT     saed32hvt_tt1p05v25c 2.541440
U50                       NBUFFX4_HVT     saed32hvt_tt1p05v25c 2.541440
U51                       NBUFFX8_LVT     saed32lvt_tt1p05v25c 3.812160
U52                       NBUFFX8_LVT     saed32lvt_tt1p05v25c 3.812160
U53                       NBUFFX4_HVT     saed32hvt_tt1p05v25c 2.541440
U54                       NBUFFX8_HVT     saed32hvt_tt1p05v25c 3.812160
U55                       NBUFFX8_RVT     saed32rvt_tt1p05v25c 3.812160
U56                       NBUFFX4_HVT     saed32hvt_tt1p05v25c 2.541440
U57                       NBUFFX4_HVT     saed32hvt_tt1p05v25c 2.541440
U58                       NBUFFX8_LVT     saed32lvt_tt1p05v25c 3.812160
U59                       NBUFFX4_HVT     saed32hvt_tt1p05v25c 2.541440
U60                       NBUFFX8_LVT     saed32lvt_tt1p05v25c 3.812160
U61                       NBUFFX4_HVT     saed32hvt_tt1p05v25c 2.541440
U62                       NBUFFX8_LVT     saed32lvt_tt1p05v25c 3.812160
U63                       NBUFFX4_HVT     saed32hvt_tt1p05v25c 2.541440
U64                       NBUFFX2_HVT     saed32hvt_tt1p05v25c 2.033152
U65                       IBUFFX16_RVT    saed32rvt_tt1p05v25c 6.607744
U66                       INVX8_RVT       saed32rvt_tt1p05v25c 3.049728
U67                       NBUFFX4_HVT     saed32hvt_tt1p05v25c 2.541440
U68                       NBUFFX2_LVT     saed32lvt_tt1p05v25c 2.033152
U69                       NBUFFX16_LVT    saed32lvt_tt1p05v25c 6.099456
U70                       NBUFFX2_LVT     saed32lvt_tt1p05v25c 2.033152
ctrl                      ctrl                            380.961865 b, h, n
dpathtotal                dpathtotal                      507569.289343 b, h, n
--------------------------------------------------------------------------------
Total 71 cells                                            508203.886921
1
