 
****************************************
Report : cell
Design : dfe3Main
Version: G-2012.06-SP3
Date   : Tue May  2 18:50:32 2017
****************************************

Attributes:
    b - black box (unknown)
    h - hierarchical
    n - noncombinational
    r - removable
   so - sizing only
    u - contains unmapped logic

Cell                      Reference       Library             Area  Attributes
--------------------------------------------------------------------------------
U1                        NBUFFX8_RVT     saed32rvt_tt1p05v25c 3.812160 so
U2                        NBUFFX4_HVT     saed32hvt_tt1p05v25c 2.541440 so
U3                        NBUFFX8_RVT     saed32rvt_tt1p05v25c 3.812160 so
U4                        NBUFFX4_HVT     saed32hvt_tt1p05v25c 2.541440 so
U5                        NBUFFX4_HVT     saed32hvt_tt1p05v25c 2.541440 so
U6                        NBUFFX8_RVT     saed32rvt_tt1p05v25c 3.812160 so
U7                        NBUFFX8_RVT     saed32rvt_tt1p05v25c 3.812160 so
U8                        NBUFFX8_HVT     saed32hvt_tt1p05v25c 3.812160 so
U9                        NBUFFX8_HVT     saed32hvt_tt1p05v25c 3.812160 so
U10                       NBUFFX8_HVT     saed32hvt_tt1p05v25c 3.812160 so
U11                       NBUFFX8_RVT     saed32rvt_tt1p05v25c 3.812160 so
U12                       NBUFFX4_HVT     saed32hvt_tt1p05v25c 2.541440 so
U13                       NBUFFX4_HVT     saed32hvt_tt1p05v25c 2.541440 so
U14                       NBUFFX2_HVT     saed32hvt_tt1p05v25c 2.033152 so
U15                       NBUFFX8_HVT     saed32hvt_tt1p05v25c 3.812160 so
U16                       NBUFFX8_RVT     saed32rvt_tt1p05v25c 3.812160 so
U17                       NBUFFX8_HVT     saed32hvt_tt1p05v25c 3.812160 so
U18                       NBUFFX8_HVT     saed32hvt_tt1p05v25c 3.812160 so
U19                       NBUFFX4_HVT     saed32hvt_tt1p05v25c 2.541440 so
U20                       NBUFFX8_RVT     saed32rvt_tt1p05v25c 3.812160 so
U21                       NBUFFX4_HVT     saed32hvt_tt1p05v25c 2.541440 so
U22                       NBUFFX4_HVT     saed32hvt_tt1p05v25c 2.541440 so
U23                       NBUFFX4_HVT     saed32hvt_tt1p05v25c 2.541440 so
U24                       NBUFFX4_HVT     saed32hvt_tt1p05v25c 2.541440 so
U25                       NBUFFX8_RVT     saed32rvt_tt1p05v25c 3.812160 so
U26                       NBUFFX4_HVT     saed32hvt_tt1p05v25c 2.541440 so
U27                       NBUFFX4_HVT     saed32hvt_tt1p05v25c 2.541440 so
U28                       NBUFFX8_HVT     saed32hvt_tt1p05v25c 3.812160 so
U29                       NBUFFX8_HVT     saed32hvt_tt1p05v25c 3.812160 so
U30                       NBUFFX8_HVT     saed32hvt_tt1p05v25c 3.812160 so
U31                       NBUFFX8_RVT     saed32rvt_tt1p05v25c 3.812160 so
U32                       NBUFFX8_HVT     saed32hvt_tt1p05v25c 3.812160 so
U33                       NBUFFX8_RVT     saed32rvt_tt1p05v25c 3.812160 so
U34                       NBUFFX8_RVT     saed32rvt_tt1p05v25c 3.812160 so
U35                       NBUFFX4_HVT     saed32hvt_tt1p05v25c 2.541440 so
U37                       NBUFFX2_HVT     saed32hvt_tt1p05v25c 2.033152
U38                       NBUFFX2_HVT     saed32hvt_tt1p05v25c 2.033152
U39                       INVX4_HVT       saed32hvt_tt1p05v25c 2.033152
U40                       IBUFFX32_LVT    saed32lvt_tt1p05v25c 11.690624
U41                       NBUFFX4_HVT     saed32hvt_tt1p05v25c 2.541440
U42                       NBUFFX2_HVT     saed32hvt_tt1p05v25c 2.033152
ctrl                      ctrl                            400.276809 b, h, n
dpathtotal                dpathtotal                      182075.120548 b, h, n
--------------------------------------------------------------------------------
Total 43 cells                                            182612.889262
1
